
*** Running vivado
    with args -log zynq_soc_VCC_1.vds -m64 -product Vivado -mode batch -messageDb vivado.pb -notrace -source zynq_soc_VCC_1.tcl

WARNING: Default location for XILINX_VIVADO_HLS not found: 

****** Vivado v2017.2 (64-bit)
  **** SW Build 1909853 on Thu Jun 15 18:39:09 MDT 2017
  **** IP Build 1909766 on Thu Jun 15 19:58:00 MDT 2017
    ** Copyright 1986-2017 Xilinx, Inc. All Rights Reserved.

source zynq_soc_VCC_1.tcl -notrace
Starting RTL Elaboration : Time (s): cpu = 00:00:08 ; elapsed = 00:00:10 . Memory (MB): peak = 374.203 ; gain = 79.711
INFO: [Synth 8-638] synthesizing module 'zynq_soc_VCC_1' [z:/ZEDBOARD/vivado/zynq_soc/ZEDBOARD.srcs/sources_1/bd/zynq_soc/ip/zynq_soc_VCC_1/synth/zynq_soc_VCC_1.v:57]
INFO: [Synth 8-638] synthesizing module 'xlconstant_v1_1_3_xlconstant' [z:/ZEDBOARD/vivado/zynq_soc/ZEDBOARD.srcs/sources_1/bd/zynq_soc/ipshared/45df/hdl/xlconstant_v1_1_vl_rfs.v:23]
INFO: [Synth 8-256] done synthesizing module 'xlconstant_v1_1_3_xlconstant' (1#1) [z:/ZEDBOARD/vivado/zynq_soc/ZEDBOARD.srcs/sources_1/bd/zynq_soc/ipshared/45df/hdl/xlconstant_v1_1_vl_rfs.v:23]
INFO: [Synth 8-256] done synthesizing module 'zynq_soc_VCC_1' (2#1) [z:/ZEDBOARD/vivado/zynq_soc/ZEDBOARD.srcs/sources_1/bd/zynq_soc/ip/zynq_soc_VCC_1/synth/zynq_soc_VCC_1.v:57]
Finished RTL Elaboration : Time (s): cpu = 00:00:10 ; elapsed = 00:00:12 . Memory (MB): peak = 414.531 ; gain = 120.039
Finished RTL Optimization Phase 1 : Time (s): cpu = 00:00:10 ; elapsed = 00:00:13 . Memory (MB): peak = 414.531 ; gain = 120.039
INFO: [Device 21-403] Loading part xc7z020clg484-1
Constraint Validation Runtime : Time (s): cpu = 00:00:00 ; elapsed = 00:00:00.056 . Memory (MB): peak = 629.086 ; gain = 0.000
Finished Constraint Validation : Time (s): cpu = 00:00:31 ; elapsed = 00:00:40 . Memory (MB): peak = 629.086 ; gain = 334.594
Finished Loading Part and Timing Information : Time (s): cpu = 00:00:31 ; elapsed = 00:00:40 . Memory (MB): peak = 629.086 ; gain = 334.594
Finished applying 'set_property' XDC Constraints : Time (s): cpu = 00:00:31 ; elapsed = 00:00:40 . Memory (MB): peak = 629.086 ; gain = 334.594
Finished RTL Optimization Phase 2 : Time (s): cpu = 00:00:31 ; elapsed = 00:00:40 . Memory (MB): peak = 629.086 ; gain = 334.594
Finished Cross Boundary and Area Optimization : Time (s): cpu = 00:00:32 ; elapsed = 00:00:42 . Memory (MB): peak = 629.086 ; gain = 334.594
Finished Applying XDC Timing Constraints : Time (s): cpu = 00:00:57 ; elapsed = 00:01:08 . Memory (MB): peak = 673.914 ; gain = 379.422
Finished Timing Optimization : Time (s): cpu = 00:00:57 ; elapsed = 00:01:08 . Memory (MB): peak = 673.914 ; gain = 379.422
Finished Technology Mapping : Time (s): cpu = 00:00:57 ; elapsed = 00:01:08 . Memory (MB): peak = 684.055 ; gain = 389.563
Finished IO Insertion : Time (s): cpu = 00:00:58 ; elapsed = 00:01:10 . Memory (MB): peak = 684.055 ; gain = 389.563
Finished Renaming Generated Instances : Time (s): cpu = 00:00:58 ; elapsed = 00:01:10 . Memory (MB): peak = 684.055 ; gain = 389.563
Finished Rebuilding User Hierarchy : Time (s): cpu = 00:00:58 ; elapsed = 00:01:10 . Memory (MB): peak = 684.055 ; gain = 389.563
Finished Renaming Generated Ports : Time (s): cpu = 00:00:58 ; elapsed = 00:01:10 . Memory (MB): peak = 684.055 ; gain = 389.563
Finished Handling Custom Attributes : Time (s): cpu = 00:00:58 ; elapsed = 00:01:10 . Memory (MB): peak = 684.055 ; gain = 389.563
Finished Renaming Generated Nets : Time (s): cpu = 00:00:58 ; elapsed = 00:01:10 . Memory (MB): peak = 684.055 ; gain = 389.563

Report Cell Usage: 
+-+-----+------+
| |Cell |Count |
+-+-----+------+
+-+-----+------+
Finished Writing Synthesis Report : Time (s): cpu = 00:00:58 ; elapsed = 00:01:10 . Memory (MB): peak = 684.055 ; gain = 389.563
synth_design: Time (s): cpu = 00:01:01 ; elapsed = 00:01:14 . Memory (MB): peak = 702.684 ; gain = 408.934
