
*** Running vivado
    with args -log zynq_soc_HDMI_0.vds -m64 -product Vivado -mode batch -messageDb vivado.pb -notrace -source zynq_soc_HDMI_0.tcl

WARNING: Default location for XILINX_VIVADO_HLS not found: 

****** Vivado v2017.2 (64-bit)
  **** SW Build 1909853 on Thu Jun 15 18:39:09 MDT 2017
  **** IP Build 1909766 on Thu Jun 15 19:58:00 MDT 2017
    ** Copyright 1986-2017 Xilinx, Inc. All Rights Reserved.

source zynq_soc_HDMI_0.tcl -notrace
Command: synth_design -top zynq_soc_HDMI_0 -part xc7z020clg484-1 -mode out_of_context
Starting synth_design
Attempting to get a license for feature 'Synthesis' and/or device 'xc7z020-clg484'
INFO: [Common 17-349] Got license for feature 'Synthesis' and/or device 'xc7z020-clg484'
INFO: Launching helper process for spawning children vivado processes
INFO: Helper process launched with PID 8364 
---------------------------------------------------------------------------------
Starting RTL Elaboration : Time (s): cpu = 00:00:08 ; elapsed = 00:00:09 . Memory (MB): peak = 374.516 ; gain = 80.973
---------------------------------------------------------------------------------
INFO: [Synth 8-638] synthesizing module 'zynq_soc_HDMI_0' [z:/ZEDBOARD/vivado/zynq_soc/ZEDBOARD.srcs/sources_1/bd/zynq_soc/ip/zynq_soc_HDMI_0/synth/zynq_soc_HDMI_0.vhd:76]
	Parameter C_DATA_WIDTH bound to: 16 - type: integer 
	Parameter C_FAMILY bound to: zynq - type: string 
INFO: [Synth 8-3491] module 'hdmi_out' declared at 'z:/ZEDBOARD/vivado/zynq_soc/ZEDBOARD.srcs/sources_1/bd/zynq_soc/ipshared/2bef/hdl/vhdl/fmc_imageon_hdmi_out.vhd:7' bound to instance 'U0' of component 'hdmi_out' [z:/ZEDBOARD/vivado/zynq_soc/ZEDBOARD.srcs/sources_1/bd/zynq_soc/ip/zynq_soc_HDMI_0/synth/zynq_soc_HDMI_0.vhd:116]
INFO: [Synth 8-638] synthesizing module 'hdmi_out' [z:/ZEDBOARD/vivado/zynq_soc/ZEDBOARD.srcs/sources_1/bd/zynq_soc/ipshared/2bef/hdl/vhdl/fmc_imageon_hdmi_out.vhd:30]
	Parameter C_DATA_WIDTH bound to: 16 - type: integer 
	Parameter C_FAMILY bound to: zynq - type: string 
INFO: [Synth 8-5534] Detected attribute (* iob = "TRUE" *) [z:/ZEDBOARD/vivado/zynq_soc/ZEDBOARD.srcs/sources_1/bd/zynq_soc/ipshared/2bef/hdl/vhdl/fmc_imageon_hdmi_out.vhd:42]
INFO: [Synth 8-5534] Detected attribute (* iob = "TRUE" *) [z:/ZEDBOARD/vivado/zynq_soc/ZEDBOARD.srcs/sources_1/bd/zynq_soc/ipshared/2bef/hdl/vhdl/fmc_imageon_hdmi_out.vhd:43]
INFO: [Synth 8-5534] Detected attribute (* iob = "TRUE" *) [z:/ZEDBOARD/vivado/zynq_soc/ZEDBOARD.srcs/sources_1/bd/zynq_soc/ipshared/2bef/hdl/vhdl/fmc_imageon_hdmi_out.vhd:44]
INFO: [Synth 8-5534] Detected attribute (* iob = "TRUE" *) [z:/ZEDBOARD/vivado/zynq_soc/ZEDBOARD.srcs/sources_1/bd/zynq_soc/ipshared/2bef/hdl/vhdl/fmc_imageon_hdmi_out.vhd:45]
INFO: [Synth 8-5534] Detected attribute (* iob = "TRUE" *) [z:/ZEDBOARD/vivado/zynq_soc/ZEDBOARD.srcs/sources_1/bd/zynq_soc/ipshared/2bef/hdl/vhdl/fmc_imageon_hdmi_out.vhd:46]
INFO: [Synth 8-5534] Detected attribute (* iob = "TRUE" *) [z:/ZEDBOARD/vivado/zynq_soc/ZEDBOARD.srcs/sources_1/bd/zynq_soc/ipshared/2bef/hdl/vhdl/fmc_imageon_hdmi_out.vhd:47]
	Parameter DDR_CLK_EDGE bound to: SAME_EDGE - type: string 
	Parameter INIT bound to: 1'b1 
	Parameter IS_C_INVERTED bound to: 1'b0 
	Parameter IS_D1_INVERTED bound to: 1'b0 
	Parameter IS_D2_INVERTED bound to: 1'b0 
	Parameter SRTYPE bound to: ASYNC - type: string 
INFO: [Synth 8-113] binding component instance 'ODDR_hdmi_clk_o' to cell 'ODDR' [z:/ZEDBOARD/vivado/zynq_soc/ZEDBOARD.srcs/sources_1/bd/zynq_soc/ipshared/2bef/hdl/vhdl/fmc_imageon_hdmi_out.vhd:160]
	Parameter DDR_CLK_EDGE bound to: SAME_EDGE - type: string 
	Parameter INIT bound to: 1'b1 
	Parameter IS_C_INVERTED bound to: 1'b0 
	Parameter IS_D1_INVERTED bound to: 1'b0 
	Parameter IS_D2_INVERTED bound to: 1'b0 
	Parameter SRTYPE bound to: ASYNC - type: string 
INFO: [Synth 8-113] binding component instance 'ODDR_hdmi_clk_t' to cell 'ODDR' [z:/ZEDBOARD/vivado/zynq_soc/ZEDBOARD.srcs/sources_1/bd/zynq_soc/ipshared/2bef/hdl/vhdl/fmc_imageon_hdmi_out.vhd:173]
	Parameter CAPACITANCE bound to: DONT_CARE - type: string 
	Parameter DRIVE bound to: 12 - type: integer 
	Parameter IOSTANDARD bound to: DEFAULT - type: string 
	Parameter SLEW bound to: SLOW - type: string 
INFO: [Synth 8-113] binding component instance 'OBUFT_hdmio_spdif' to cell 'OBUFT' [z:/ZEDBOARD/vivado/zynq_soc/ZEDBOARD.srcs/sources_1/bd/zynq_soc/ipshared/2bef/hdl/vhdl/fmc_imageon_hdmi_out.vhd:187]
	Parameter CAPACITANCE bound to: DONT_CARE - type: string 
	Parameter DRIVE bound to: 12 - type: integer 
	Parameter IOSTANDARD bound to: DEFAULT - type: string 
	Parameter SLEW bound to: SLOW - type: string 
INFO: [Synth 8-113] binding component instance 'OBUFT_hdmio_video' to cell 'OBUFT' [z:/ZEDBOARD/vivado/zynq_soc/ZEDBOARD.srcs/sources_1/bd/zynq_soc/ipshared/2bef/hdl/vhdl/fmc_imageon_hdmi_out.vhd:193]
	Parameter CAPACITANCE bound to: DONT_CARE - type: string 
	Parameter DRIVE bound to: 12 - type: integer 
	Parameter IOSTANDARD bound to: DEFAULT - type: string 
	Parameter SLEW bound to: SLOW - type: string 
INFO: [Synth 8-113] binding component instance 'OBUFT_hdmio_video' to cell 'OBUFT' [z:/ZEDBOARD/vivado/zynq_soc/ZEDBOARD.srcs/sources_1/bd/zynq_soc/ipshared/2bef/hdl/vhdl/fmc_imageon_hdmi_out.vhd:193]
	Parameter CAPACITANCE bound to: DONT_CARE - type: string 
	Parameter DRIVE bound to: 12 - type: integer 
	Parameter IOSTANDARD bound to: DEFAULT - type: string 
	Parameter SLEW bound to: SLOW - type: string 
INFO: [Synth 8-113] binding component instance 'OBUFT_hdmio_video' to cell 'OBUFT' [z:/ZEDBOARD/vivado/zynq_soc/ZEDBOARD.srcs/sources_1/bd/zynq_soc/ipshared/2bef/hdl/vhdl/fmc_imageon_hdmi_out.vhd:193]
	Parameter CAPACITANCE bound to: DONT_CARE - type: string 
	Parameter DRIVE bound to: 12 - type: integer 
	Parameter IOSTANDARD bound to: DEFAULT - type: string 
	Parameter SLEW bound to: SLOW - type: string 
INFO: [Synth 8-113] binding component instance 'OBUFT_hdmio_video' to cell 'OBUFT' [z:/ZEDBOARD/vivado/zynq_soc/ZEDBOARD.srcs/sources_1/bd/zynq_soc/ipshared/2bef/hdl/vhdl/fmc_imageon_hdmi_out.vhd:193]
	Parameter CAPACITANCE bound to: DONT_CARE - type: string 
	Parameter DRIVE bound to: 12 - type: integer 
	Parameter IOSTANDARD bound to: DEFAULT - type: string 
	Parameter SLEW bound to: SLOW - type: string 
INFO: [Synth 8-113] binding component instance 'OBUFT_hdmio_video' to cell 'OBUFT' [z:/ZEDBOARD/vivado/zynq_soc/ZEDBOARD.srcs/sources_1/bd/zynq_soc/ipshared/2bef/hdl/vhdl/fmc_imageon_hdmi_out.vhd:193]
	Parameter CAPACITANCE bound to: DONT_CARE - type: string 
	Parameter DRIVE bound to: 12 - type: integer 
	Parameter IOSTANDARD bound to: DEFAULT - type: string 
	Parameter SLEW bound to: SLOW - type: string 
INFO: [Synth 8-113] binding component instance 'OBUFT_hdmio_video' to cell 'OBUFT' [z:/ZEDBOARD/vivado/zynq_soc/ZEDBOARD.srcs/sources_1/bd/zynq_soc/ipshared/2bef/hdl/vhdl/fmc_imageon_hdmi_out.vhd:193]
	Parameter CAPACITANCE bound to: DONT_CARE - type: string 
	Parameter DRIVE bound to: 12 - type: integer 
	Parameter IOSTANDARD bound to: DEFAULT - type: string 
	Parameter SLEW bound to: SLOW - type: string 
INFO: [Synth 8-113] binding component instance 'OBUFT_hdmio_video' to cell 'OBUFT' [z:/ZEDBOARD/vivado/zynq_soc/ZEDBOARD.srcs/sources_1/bd/zynq_soc/ipshared/2bef/hdl/vhdl/fmc_imageon_hdmi_out.vhd:193]
	Parameter CAPACITANCE bound to: DONT_CARE - type: string 
	Parameter DRIVE bound to: 12 - type: integer 
	Parameter IOSTANDARD bound to: DEFAULT - type: string 
	Parameter SLEW bound to: SLOW - type: string 
INFO: [Synth 8-113] binding component instance 'OBUFT_hdmio_video' to cell 'OBUFT' [z:/ZEDBOARD/vivado/zynq_soc/ZEDBOARD.srcs/sources_1/bd/zynq_soc/ipshared/2bef/hdl/vhdl/fmc_imageon_hdmi_out.vhd:193]
	Parameter CAPACITANCE bound to: DONT_CARE - type: string 
	Parameter DRIVE bound to: 12 - type: integer 
	Parameter IOSTANDARD bound to: DEFAULT - type: string 
	Parameter SLEW bound to: SLOW - type: string 
INFO: [Synth 8-113] binding component instance 'OBUFT_hdmio_video' to cell 'OBUFT' [z:/ZEDBOARD/vivado/zynq_soc/ZEDBOARD.srcs/sources_1/bd/zynq_soc/ipshared/2bef/hdl/vhdl/fmc_imageon_hdmi_out.vhd:193]
	Parameter CAPACITANCE bound to: DONT_CARE - type: string 
	Parameter DRIVE bound to: 12 - type: integer 
	Parameter IOSTANDARD bound to: DEFAULT - type: string 
	Parameter SLEW bound to: SLOW - type: string 
INFO: [Synth 8-113] binding component instance 'OBUFT_hdmio_video' to cell 'OBUFT' [z:/ZEDBOARD/vivado/zynq_soc/ZEDBOARD.srcs/sources_1/bd/zynq_soc/ipshared/2bef/hdl/vhdl/fmc_imageon_hdmi_out.vhd:193]
	Parameter CAPACITANCE bound to: DONT_CARE - type: string 
	Parameter DRIVE bound to: 12 - type: integer 
	Parameter IOSTANDARD bound to: DEFAULT - type: string 
	Parameter SLEW bound to: SLOW - type: string 
INFO: [Synth 8-113] binding component instance 'OBUFT_hdmio_video' to cell 'OBUFT' [z:/ZEDBOARD/vivado/zynq_soc/ZEDBOARD.srcs/sources_1/bd/zynq_soc/ipshared/2bef/hdl/vhdl/fmc_imageon_hdmi_out.vhd:193]
	Parameter CAPACITANCE bound to: DONT_CARE - type: string 
	Parameter DRIVE bound to: 12 - type: integer 
	Parameter IOSTANDARD bound to: DEFAULT - type: string 
	Parameter SLEW bound to: SLOW - type: string 
INFO: [Synth 8-113] binding component instance 'OBUFT_hdmio_video' to cell 'OBUFT' [z:/ZEDBOARD/vivado/zynq_soc/ZEDBOARD.srcs/sources_1/bd/zynq_soc/ipshared/2bef/hdl/vhdl/fmc_imageon_hdmi_out.vhd:193]
	Parameter CAPACITANCE bound to: DONT_CARE - type: string 
	Parameter DRIVE bound to: 12 - type: integer 
	Parameter IOSTANDARD bound to: DEFAULT - type: string 
	Parameter SLEW bound to: SLOW - type: string 
INFO: [Synth 8-113] binding component instance 'OBUFT_hdmio_video' to cell 'OBUFT' [z:/ZEDBOARD/vivado/zynq_soc/ZEDBOARD.srcs/sources_1/bd/zynq_soc/ipshared/2bef/hdl/vhdl/fmc_imageon_hdmi_out.vhd:193]
	Parameter CAPACITANCE bound to: DONT_CARE - type: string 
	Parameter DRIVE bound to: 12 - type: integer 
	Parameter IOSTANDARD bound to: DEFAULT - type: string 
	Parameter SLEW bound to: SLOW - type: string 
INFO: [Synth 8-113] binding component instance 'OBUFT_hdmio_video' to cell 'OBUFT' [z:/ZEDBOARD/vivado/zynq_soc/ZEDBOARD.srcs/sources_1/bd/zynq_soc/ipshared/2bef/hdl/vhdl/fmc_imageon_hdmi_out.vhd:193]
	Parameter CAPACITANCE bound to: DONT_CARE - type: string 
	Parameter DRIVE bound to: 12 - type: integer 
	Parameter IOSTANDARD bound to: DEFAULT - type: string 
	Parameter SLEW bound to: SLOW - type: string 
INFO: [Synth 8-113] binding component instance 'OBUFT_hdmio_video' to cell 'OBUFT' [z:/ZEDBOARD/vivado/zynq_soc/ZEDBOARD.srcs/sources_1/bd/zynq_soc/ipshared/2bef/hdl/vhdl/fmc_imageon_hdmi_out.vhd:193]
	Parameter CAPACITANCE bound to: DONT_CARE - type: string 
	Parameter DRIVE bound to: 12 - type: integer 
	Parameter IOSTANDARD bound to: DEFAULT - type: string 
	Parameter SLEW bound to: SLOW - type: string 
INFO: [Synth 8-113] binding component instance 'OBUFT_hdmio_video' to cell 'OBUFT' [z:/ZEDBOARD/vivado/zynq_soc/ZEDBOARD.srcs/sources_1/bd/zynq_soc/ipshared/2bef/hdl/vhdl/fmc_imageon_hdmi_out.vhd:193]
	Parameter CAPACITANCE bound to: DONT_CARE - type: string 
	Parameter DRIVE bound to: 12 - type: integer 
	Parameter IOSTANDARD bound to: DEFAULT - type: string 
	Parameter SLEW bound to: SLOW - type: string 
INFO: [Synth 8-113] binding component instance 'OBUFT_hdmio_vsync' to cell 'OBUFT' [z:/ZEDBOARD/vivado/zynq_soc/ZEDBOARD.srcs/sources_1/bd/zynq_soc/ipshared/2bef/hdl/vhdl/fmc_imageon_hdmi_out.vhd:199]
	Parameter CAPACITANCE bound to: DONT_CARE - type: string 
	Parameter DRIVE bound to: 12 - type: integer 
	Parameter IOSTANDARD bound to: DEFAULT - type: string 
	Parameter SLEW bound to: SLOW - type: string 
INFO: [Synth 8-113] binding component instance 'OBUFT_hdmio_hsync' to cell 'OBUFT' [z:/ZEDBOARD/vivado/zynq_soc/ZEDBOARD.srcs/sources_1/bd/zynq_soc/ipshared/2bef/hdl/vhdl/fmc_imageon_hdmi_out.vhd:204]
	Parameter CAPACITANCE bound to: DONT_CARE - type: string 
	Parameter DRIVE bound to: 12 - type: integer 
	Parameter IOSTANDARD bound to: DEFAULT - type: string 
	Parameter SLEW bound to: SLOW - type: string 
INFO: [Synth 8-113] binding component instance 'OBUFT_hdmio_de' to cell 'OBUFT' [z:/ZEDBOARD/vivado/zynq_soc/ZEDBOARD.srcs/sources_1/bd/zynq_soc/ipshared/2bef/hdl/vhdl/fmc_imageon_hdmi_out.vhd:209]
	Parameter CAPACITANCE bound to: DONT_CARE - type: string 
	Parameter DRIVE bound to: 12 - type: integer 
	Parameter IOSTANDARD bound to: DEFAULT - type: string 
	Parameter SLEW bound to: SLOW - type: string 
INFO: [Synth 8-113] binding component instance 'OBUFT_hdmio_clk' to cell 'OBUFT' [z:/ZEDBOARD/vivado/zynq_soc/ZEDBOARD.srcs/sources_1/bd/zynq_soc/ipshared/2bef/hdl/vhdl/fmc_imageon_hdmi_out.vhd:214]
INFO: [Synth 8-4471] merging register 'hdmi_vsync_t_reg' into 'hdmi_spdif_t_reg' [z:/ZEDBOARD/vivado/zynq_soc/ZEDBOARD.srcs/sources_1/bd/zynq_soc/ipshared/2bef/hdl/vhdl/fmc_imageon_hdmi_out.vhd:93]
INFO: [Synth 8-4471] merging register 'hdmi_hsync_t_reg' into 'hdmi_spdif_t_reg' [z:/ZEDBOARD/vivado/zynq_soc/ZEDBOARD.srcs/sources_1/bd/zynq_soc/ipshared/2bef/hdl/vhdl/fmc_imageon_hdmi_out.vhd:94]
INFO: [Synth 8-4471] merging register 'hdmi_de_t_reg' into 'hdmi_spdif_t_reg' [z:/ZEDBOARD/vivado/zynq_soc/ZEDBOARD.srcs/sources_1/bd/zynq_soc/ipshared/2bef/hdl/vhdl/fmc_imageon_hdmi_out.vhd:95]
WARNING: [Synth 8-6014] Unused sequential element hdmi_vsync_t_reg was removed.  [z:/ZEDBOARD/vivado/zynq_soc/ZEDBOARD.srcs/sources_1/bd/zynq_soc/ipshared/2bef/hdl/vhdl/fmc_imageon_hdmi_out.vhd:93]
WARNING: [Synth 8-6014] Unused sequential element hdmi_hsync_t_reg was removed.  [z:/ZEDBOARD/vivado/zynq_soc/ZEDBOARD.srcs/sources_1/bd/zynq_soc/ipshared/2bef/hdl/vhdl/fmc_imageon_hdmi_out.vhd:94]
WARNING: [Synth 8-6014] Unused sequential element hdmi_de_t_reg was removed.  [z:/ZEDBOARD/vivado/zynq_soc/ZEDBOARD.srcs/sources_1/bd/zynq_soc/ipshared/2bef/hdl/vhdl/fmc_imageon_hdmi_out.vhd:95]
INFO: [Synth 8-256] done synthesizing module 'hdmi_out' (1#1) [z:/ZEDBOARD/vivado/zynq_soc/ZEDBOARD.srcs/sources_1/bd/zynq_soc/ipshared/2bef/hdl/vhdl/fmc_imageon_hdmi_out.vhd:30]
INFO: [Synth 8-256] done synthesizing module 'zynq_soc_HDMI_0' (2#1) [z:/ZEDBOARD/vivado/zynq_soc/ZEDBOARD.srcs/sources_1/bd/zynq_soc/ip/zynq_soc_HDMI_0/synth/zynq_soc_HDMI_0.vhd:76]
---------------------------------------------------------------------------------
Finished RTL Elaboration : Time (s): cpu = 00:00:10 ; elapsed = 00:00:12 . Memory (MB): peak = 414.594 ; gain = 121.051
---------------------------------------------------------------------------------

Report Check Netlist: 
+------+------------------+-------+---------+-------+------------------+
|      |Item              |Errors |Warnings |Status |Description       |
+------+------------------+-------+---------+-------+------------------+
|1     |multi_driven_nets |      0|        0|Passed |Multi driven nets |
+------+------------------+-------+---------+-------+------------------+
---------------------------------------------------------------------------------
Finished RTL Optimization Phase 1 : Time (s): cpu = 00:00:10 ; elapsed = 00:00:12 . Memory (MB): peak = 414.594 ; gain = 121.051
---------------------------------------------------------------------------------
INFO: [Netlist 29-17] Analyzing 2 Unisim elements for replacement
INFO: [Netlist 29-28] Unisim Transformation completed in 0 CPU seconds
INFO: [Device 21-403] Loading part xc7z020clg484-1
INFO: [Project 1-570] Preparing netlist for logic optimization

Processing XDC Constraints
Initializing timing engine
Completed Processing XDC Constraints

INFO: [Project 1-111] Unisim Transformation Summary:
No Unisim elements were transformed.

Constraint Validation Runtime : Time (s): cpu = 00:00:00 ; elapsed = 00:00:00.027 . Memory (MB): peak = 716.738 ; gain = 0.000
---------------------------------------------------------------------------------
Finished Constraint Validation : Time (s): cpu = 00:00:31 ; elapsed = 00:00:37 . Memory (MB): peak = 716.738 ; gain = 423.195
---------------------------------------------------------------------------------
---------------------------------------------------------------------------------
Start Loading Part and Timing Information
---------------------------------------------------------------------------------
Loading part: xc7z020clg484-1
---------------------------------------------------------------------------------
Finished Loading Part and Timing Information : Time (s): cpu = 00:00:31 ; elapsed = 00:00:37 . Memory (MB): peak = 716.738 ; gain = 423.195
---------------------------------------------------------------------------------
---------------------------------------------------------------------------------
Start Applying 'set_property' XDC Constraints
---------------------------------------------------------------------------------
---------------------------------------------------------------------------------
Finished applying 'set_property' XDC Constraints : Time (s): cpu = 00:00:31 ; elapsed = 00:00:37 . Memory (MB): peak = 716.738 ; gain = 423.195
---------------------------------------------------------------------------------
---------------------------------------------------------------------------------
Finished RTL Optimization Phase 2 : Time (s): cpu = 00:00:32 ; elapsed = 00:00:38 . Memory (MB): peak = 716.738 ; gain = 423.195
---------------------------------------------------------------------------------

Report RTL Partitions: 
+-+--------------+------------+----------+
| |RTL Partition |Replication |Instances |
+-+--------------+------------+----------+
+-+--------------+------------+----------+
---------------------------------------------------------------------------------
Start RTL Component Statistics 
---------------------------------------------------------------------------------
Detailed RTL Component Info : 
+---Registers : 
	               19 Bit    Registers := 1     
	               16 Bit    Registers := 3     
	                1 Bit    Registers := 8     
---------------------------------------------------------------------------------
Finished RTL Component Statistics 
---------------------------------------------------------------------------------
---------------------------------------------------------------------------------
Start RTL Hierarchical Component Statistics 
---------------------------------------------------------------------------------
Hierarchical RTL Component report 
Module hdmi_out 
Detailed RTL Component Info : 
+---Registers : 
	               19 Bit    Registers := 1     
	               16 Bit    Registers := 3     
	                1 Bit    Registers := 8     
---------------------------------------------------------------------------------
Finished RTL Hierarchical Component Statistics
---------------------------------------------------------------------------------
---------------------------------------------------------------------------------
Start Part Resource Summary
---------------------------------------------------------------------------------
Part Resources:
DSPs: 220 (col length:60)
BRAMs: 280 (col length: RAMB18 60 RAMB36 30)
---------------------------------------------------------------------------------
Finished Part Resource Summary
---------------------------------------------------------------------------------
---------------------------------------------------------------------------------
Start Cross Boundary and Area Optimization
---------------------------------------------------------------------------------
WARNING: [Synth 8-6014] Unused sequential element U0/debug_o_reg was removed.  [z:/ZEDBOARD/vivado/zynq_soc/ZEDBOARD.srcs/sources_1/bd/zynq_soc/ipshared/2bef/hdl/vhdl/fmc_imageon_hdmi_out.vhd:221]
INFO: [Synth 8-3886] merging instance 'U0/hdmi_video_t_reg[0]' (FD) to 'U0/hdmi_spdif_t_reg'
INFO: [Synth 8-3886] merging instance 'U0/hdmi_video_t_reg[1]' (FD) to 'U0/hdmi_spdif_t_reg'
INFO: [Synth 8-3886] merging instance 'U0/hdmi_video_t_reg[2]' (FD) to 'U0/hdmi_spdif_t_reg'
INFO: [Synth 8-3886] merging instance 'U0/hdmi_video_t_reg[3]' (FD) to 'U0/hdmi_spdif_t_reg'
INFO: [Synth 8-3886] merging instance 'U0/hdmi_video_t_reg[4]' (FD) to 'U0/hdmi_spdif_t_reg'
INFO: [Synth 8-3886] merging instance 'U0/hdmi_video_t_reg[5]' (FD) to 'U0/hdmi_spdif_t_reg'
INFO: [Synth 8-3886] merging instance 'U0/hdmi_video_t_reg[6]' (FD) to 'U0/hdmi_spdif_t_reg'
INFO: [Synth 8-3886] merging instance 'U0/hdmi_video_t_reg[7]' (FD) to 'U0/hdmi_spdif_t_reg'
INFO: [Synth 8-3886] merging instance 'U0/hdmi_video_t_reg[8]' (FD) to 'U0/hdmi_spdif_t_reg'
INFO: [Synth 8-3886] merging instance 'U0/hdmi_video_t_reg[9]' (FD) to 'U0/hdmi_spdif_t_reg'
INFO: [Synth 8-3886] merging instance 'U0/hdmi_video_t_reg[10]' (FD) to 'U0/hdmi_spdif_t_reg'
INFO: [Synth 8-3886] merging instance 'U0/hdmi_video_t_reg[11]' (FD) to 'U0/hdmi_spdif_t_reg'
INFO: [Synth 8-3886] merging instance 'U0/hdmi_video_t_reg[12]' (FD) to 'U0/hdmi_spdif_t_reg'
INFO: [Synth 8-3886] merging instance 'U0/hdmi_video_t_reg[13]' (FD) to 'U0/hdmi_spdif_t_reg'
INFO: [Synth 8-3886] merging instance 'U0/hdmi_video_t_reg[14]' (FD) to 'U0/hdmi_spdif_t_reg'
INFO: [Synth 8-3886] merging instance 'U0/hdmi_video_t_reg[15]' (FD) to 'U0/hdmi_spdif_t_reg'
INFO: [Synth 8-3333] propagating constant 0 across sequential element (\U0/hdmi_spdif_t_reg )
INFO: [Synth 8-3332] Sequential element (U0/hdmi_spdif_t_reg) is unused and will be removed from module zynq_soc_HDMI_0.
---------------------------------------------------------------------------------
Finished Cross Boundary and Area Optimization : Time (s): cpu = 00:00:33 ; elapsed = 00:00:39 . Memory (MB): peak = 716.738 ; gain = 423.195
---------------------------------------------------------------------------------

Report RTL Partitions: 
+-+--------------+------------+----------+
| |RTL Partition |Replication |Instances |
+-+--------------+------------+----------+
+-+--------------+------------+----------+
---------------------------------------------------------------------------------
Start Applying XDC Timing Constraints
---------------------------------------------------------------------------------
---------------------------------------------------------------------------------
Finished Applying XDC Timing Constraints : Time (s): cpu = 00:00:58 ; elapsed = 00:01:08 . Memory (MB): peak = 716.738 ; gain = 423.195
---------------------------------------------------------------------------------
---------------------------------------------------------------------------------
Start Timing Optimization
---------------------------------------------------------------------------------
---------------------------------------------------------------------------------
Finished Timing Optimization : Time (s): cpu = 00:00:58 ; elapsed = 00:01:08 . Memory (MB): peak = 716.738 ; gain = 423.195
---------------------------------------------------------------------------------

Report RTL Partitions: 
+-+--------------+------------+----------+
| |RTL Partition |Replication |Instances |
+-+--------------+------------+----------+
+-+--------------+------------+----------+
---------------------------------------------------------------------------------
Start Technology Mapping
---------------------------------------------------------------------------------
---------------------------------------------------------------------------------
Finished Technology Mapping : Time (s): cpu = 00:00:58 ; elapsed = 00:01:08 . Memory (MB): peak = 716.738 ; gain = 423.195
---------------------------------------------------------------------------------

Report RTL Partitions: 
+-+--------------+------------+----------+
| |RTL Partition |Replication |Instances |
+-+--------------+------------+----------+
+-+--------------+------------+----------+
---------------------------------------------------------------------------------
Start IO Insertion
---------------------------------------------------------------------------------
---------------------------------------------------------------------------------
Start Flattening Before IO Insertion
---------------------------------------------------------------------------------
---------------------------------------------------------------------------------
Finished Flattening Before IO Insertion
---------------------------------------------------------------------------------
---------------------------------------------------------------------------------
Start Final Netlist Cleanup
---------------------------------------------------------------------------------
INFO: [Synth 8-4163] Replicating register \U0/hdmi_de_o_reg  to handle IOB=TRUE attribute
INFO: [Synth 8-4163] Replicating register \U0/hdmi_hsync_o_reg  to handle IOB=TRUE attribute
INFO: [Synth 8-4163] Replicating register \U0/hdmi_vsync_o_reg  to handle IOB=TRUE attribute
INFO: [Synth 8-4163] Replicating register \U0/hdmi_video_o_reg[0]  to handle IOB=TRUE attribute
INFO: [Synth 8-4163] Replicating register \U0/hdmi_video_o_reg[1]  to handle IOB=TRUE attribute
INFO: [Synth 8-4163] Replicating register \U0/hdmi_video_o_reg[2]  to handle IOB=TRUE attribute
INFO: [Synth 8-4163] Replicating register \U0/hdmi_video_o_reg[3]  to handle IOB=TRUE attribute
INFO: [Synth 8-4163] Replicating register \U0/hdmi_video_o_reg[4]  to handle IOB=TRUE attribute
INFO: [Synth 8-4163] Replicating register \U0/hdmi_video_o_reg[5]  to handle IOB=TRUE attribute
INFO: [Synth 8-4163] Replicating register \U0/hdmi_video_o_reg[6]  to handle IOB=TRUE attribute
INFO: [Synth 8-4163] Replicating register \U0/hdmi_video_o_reg[7]  to handle IOB=TRUE attribute
INFO: [Synth 8-4163] Replicating register \U0/hdmi_video_o_reg[8]  to handle IOB=TRUE attribute
INFO: [Synth 8-4163] Replicating register \U0/hdmi_video_o_reg[9]  to handle IOB=TRUE attribute
INFO: [Synth 8-4163] Replicating register \U0/hdmi_video_o_reg[10]  to handle IOB=TRUE attribute
INFO: [Synth 8-4163] Replicating register \U0/hdmi_video_o_reg[11]  to handle IOB=TRUE attribute
INFO: [Synth 8-4163] Replicating register \U0/hdmi_video_o_reg[12]  to handle IOB=TRUE attribute
INFO: [Synth 8-4163] Replicating register \U0/hdmi_video_o_reg[13]  to handle IOB=TRUE attribute
INFO: [Synth 8-4163] Replicating register \U0/hdmi_video_o_reg[14]  to handle IOB=TRUE attribute
INFO: [Synth 8-4163] Replicating register \U0/hdmi_video_o_reg[15]  to handle IOB=TRUE attribute
INFO: [Synth 8-4163] Replicating register \U0/hdmi_spdif_o_reg  to handle IOB=TRUE attribute
---------------------------------------------------------------------------------
Finished Final Netlist Cleanup
---------------------------------------------------------------------------------
---------------------------------------------------------------------------------
Finished IO Insertion : Time (s): cpu = 00:00:59 ; elapsed = 00:01:10 . Memory (MB): peak = 716.738 ; gain = 423.195
---------------------------------------------------------------------------------

Report Check Netlist: 
+------+------------------+-------+---------+-------+------------------+
|      |Item              |Errors |Warnings |Status |Description       |
+------+------------------+-------+---------+-------+------------------+
|1     |multi_driven_nets |      0|        0|Passed |Multi driven nets |
+------+------------------+-------+---------+-------+------------------+
---------------------------------------------------------------------------------
Start Renaming Generated Instances
---------------------------------------------------------------------------------
---------------------------------------------------------------------------------
Finished Renaming Generated Instances : Time (s): cpu = 00:00:59 ; elapsed = 00:01:10 . Memory (MB): peak = 716.738 ; gain = 423.195
---------------------------------------------------------------------------------

Report RTL Partitions: 
+-+--------------+------------+----------+
| |RTL Partition |Replication |Instances |
+-+--------------+------------+----------+
+-+--------------+------------+----------+
---------------------------------------------------------------------------------
Start Rebuilding User Hierarchy
---------------------------------------------------------------------------------
---------------------------------------------------------------------------------
Finished Rebuilding User Hierarchy : Time (s): cpu = 00:00:59 ; elapsed = 00:01:10 . Memory (MB): peak = 716.738 ; gain = 423.195
---------------------------------------------------------------------------------
---------------------------------------------------------------------------------
Start Renaming Generated Ports
---------------------------------------------------------------------------------
---------------------------------------------------------------------------------
Finished Renaming Generated Ports : Time (s): cpu = 00:00:59 ; elapsed = 00:01:10 . Memory (MB): peak = 716.738 ; gain = 423.195
---------------------------------------------------------------------------------
---------------------------------------------------------------------------------
Start Handling Custom Attributes
---------------------------------------------------------------------------------
---------------------------------------------------------------------------------
Finished Handling Custom Attributes : Time (s): cpu = 00:00:59 ; elapsed = 00:01:10 . Memory (MB): peak = 716.738 ; gain = 423.195
---------------------------------------------------------------------------------
---------------------------------------------------------------------------------
Start Renaming Generated Nets
---------------------------------------------------------------------------------
---------------------------------------------------------------------------------
Finished Renaming Generated Nets : Time (s): cpu = 00:00:59 ; elapsed = 00:01:10 . Memory (MB): peak = 716.738 ; gain = 423.195
---------------------------------------------------------------------------------
---------------------------------------------------------------------------------
Start Writing Synthesis Report
---------------------------------------------------------------------------------

Report BlackBoxes: 
+-+--------------+----------+
| |BlackBox name |Instances |
+-+--------------+----------+
+-+--------------+----------+

Report Cell Usage: 
+------+------+------+
|      |Cell  |Count |
+------+------+------+
|1     |ODDR  |     2|
|2     |FDRE  |    39|
|3     |OBUFT |    21|
+------+------+------+

Report Instance Areas: 
+------+---------+---------+------+
|      |Instance |Module   |Cells |
+------+---------+---------+------+
|1     |top      |         |    62|
|2     |  U0     |hdmi_out |    62|
+------+---------+---------+------+
---------------------------------------------------------------------------------
Finished Writing Synthesis Report : Time (s): cpu = 00:00:59 ; elapsed = 00:01:10 . Memory (MB): peak = 716.738 ; gain = 423.195
---------------------------------------------------------------------------------
Synthesis finished with 0 errors, 0 critical warnings and 1 warnings.
Synthesis Optimization Runtime : Time (s): cpu = 00:00:35 ; elapsed = 00:00:54 . Memory (MB): peak = 716.738 ; gain = 121.051
Synthesis Optimization Complete : Time (s): cpu = 00:00:59 ; elapsed = 00:01:10 . Memory (MB): peak = 716.738 ; gain = 423.195
INFO: [Project 1-571] Translating synthesized netlist
INFO: [Netlist 29-17] Analyzing 2 Unisim elements for replacement
INFO: [Netlist 29-28] Unisim Transformation completed in 0 CPU seconds
INFO: [Project 1-570] Preparing netlist for logic optimization
INFO: [Opt 31-138] Pushed 0 inverter(s) to 0 load pin(s).
INFO: [Project 1-111] Unisim Transformation Summary:
No Unisim elements were transformed.

87 Infos, 4 Warnings, 0 Critical Warnings and 0 Errors encountered.
synth_design completed successfully
synth_design: Time (s): cpu = 00:01:02 ; elapsed = 00:01:13 . Memory (MB): peak = 716.738 ; gain = 423.820
INFO: [Common 17-600] The following parameters have non-default value.
general.maxThreads
INFO: [Common 17-1381] The checkpoint 'Z:/ZEDBOARD/vivado/zynq_soc/ZEDBOARD.runs/zynq_soc_HDMI_0_synth_1/zynq_soc_HDMI_0.dcp' has been generated.
