
*** Running vivado
    with args -log zynq_soc_rst_PS7_150M_0.vds -m64 -product Vivado -mode batch -messageDb vivado.pb -notrace -source zynq_soc_rst_PS7_150M_0.tcl

WARNING: Default location for XILINX_VIVADO_HLS not found: 

****** Vivado v2017.2 (64-bit)
  **** SW Build 1909853 on Thu Jun 15 18:39:09 MDT 2017
  **** IP Build 1909766 on Thu Jun 15 19:58:00 MDT 2017
    ** Copyright 1986-2017 Xilinx, Inc. All Rights Reserved.

source zynq_soc_rst_PS7_150M_0.tcl -notrace
Starting RTL Elaboration : Time (s): cpu = 00:00:08 ; elapsed = 00:00:09 . Memory (MB): peak = 377.777 ; gain = 78.551
INFO: [Synth 8-638] synthesizing module 'zynq_soc_rst_PS7_150M_0' [z:/ZEDBOARD/vivado/zynq_soc/ZEDBOARD.srcs/sources_1/bd/zynq_soc/ip/zynq_soc_rst_PS7_150M_0/synth/zynq_soc_rst_PS7_150M_0.vhd:74]
INFO: [Synth 8-638] synthesizing module 'proc_sys_reset' [z:/ZEDBOARD/vivado/zynq_soc/ZEDBOARD.srcs/sources_1/bd/zynq_soc/ipshared/5db7/hdl/proc_sys_reset_v5_0_vh_rfs.vhd:1323]
INFO: [Synth 8-638] synthesizing module 'lpf' [z:/ZEDBOARD/vivado/zynq_soc/ZEDBOARD.srcs/sources_1/bd/zynq_soc/ipshared/5db7/hdl/proc_sys_reset_v5_0_vh_rfs.vhd:816]
INFO: [Synth 8-638] synthesizing module 'SRL16' [C:/Xilinx/Vivado/2017.2/scripts/rt/data/unisim_comp.v:43657]
INFO: [Synth 8-256] done synthesizing module 'SRL16' (1#1) [C:/Xilinx/Vivado/2017.2/scripts/rt/data/unisim_comp.v:43657]
INFO: [Synth 8-638] synthesizing module 'cdc_sync' [z:/ZEDBOARD/vivado/zynq_soc/ZEDBOARD.srcs/sources_1/bd/zynq_soc/ipshared/52cb/hdl/lib_cdc_v1_0_rfs.vhd:106]
INFO: [Synth 8-256] done synthesizing module 'cdc_sync' (2#1) [z:/ZEDBOARD/vivado/zynq_soc/ZEDBOARD.srcs/sources_1/bd/zynq_soc/ipshared/52cb/hdl/lib_cdc_v1_0_rfs.vhd:106]
INFO: [Synth 8-256] done synthesizing module 'lpf' (3#1) [z:/ZEDBOARD/vivado/zynq_soc/ZEDBOARD.srcs/sources_1/bd/zynq_soc/ipshared/5db7/hdl/proc_sys_reset_v5_0_vh_rfs.vhd:816]
INFO: [Synth 8-638] synthesizing module 'sequence_psr' [z:/ZEDBOARD/vivado/zynq_soc/ZEDBOARD.srcs/sources_1/bd/zynq_soc/ipshared/5db7/hdl/proc_sys_reset_v5_0_vh_rfs.vhd:301]
INFO: [Synth 8-638] synthesizing module 'upcnt_n' [z:/ZEDBOARD/vivado/zynq_soc/ZEDBOARD.srcs/sources_1/bd/zynq_soc/ipshared/5db7/hdl/proc_sys_reset_v5_0_vh_rfs.vhd:125]
INFO: [Synth 8-256] done synthesizing module 'upcnt_n' (4#1) [z:/ZEDBOARD/vivado/zynq_soc/ZEDBOARD.srcs/sources_1/bd/zynq_soc/ipshared/5db7/hdl/proc_sys_reset_v5_0_vh_rfs.vhd:125]
INFO: [Synth 8-256] done synthesizing module 'sequence_psr' (5#1) [z:/ZEDBOARD/vivado/zynq_soc/ZEDBOARD.srcs/sources_1/bd/zynq_soc/ipshared/5db7/hdl/proc_sys_reset_v5_0_vh_rfs.vhd:301]
INFO: [Synth 8-256] done synthesizing module 'proc_sys_reset' (6#1) [z:/ZEDBOARD/vivado/zynq_soc/ZEDBOARD.srcs/sources_1/bd/zynq_soc/ipshared/5db7/hdl/proc_sys_reset_v5_0_vh_rfs.vhd:1323]
INFO: [Synth 8-256] done synthesizing module 'zynq_soc_rst_PS7_150M_0' (7#1) [z:/ZEDBOARD/vivado/zynq_soc/ZEDBOARD.srcs/sources_1/bd/zynq_soc/ip/zynq_soc_rst_PS7_150M_0/synth/zynq_soc_rst_PS7_150M_0.vhd:74]
Finished RTL Elaboration : Time (s): cpu = 00:00:10 ; elapsed = 00:00:11 . Memory (MB): peak = 418.859 ; gain = 119.633
Finished RTL Optimization Phase 1 : Time (s): cpu = 00:00:10 ; elapsed = 00:00:12 . Memory (MB): peak = 418.859 ; gain = 119.633
INFO: [Device 21-403] Loading part xc7z020clg484-1
Constraint Validation Runtime : Time (s): cpu = 00:00:00 ; elapsed = 00:00:00.024 . Memory (MB): peak = 832.633 ; gain = 0.000
Finished Constraint Validation : Time (s): cpu = 00:00:34 ; elapsed = 00:00:38 . Memory (MB): peak = 832.633 ; gain = 533.406
Finished Loading Part and Timing Information : Time (s): cpu = 00:00:34 ; elapsed = 00:00:38 . Memory (MB): peak = 832.633 ; gain = 533.406
Finished applying 'set_property' XDC Constraints : Time (s): cpu = 00:00:34 ; elapsed = 00:00:38 . Memory (MB): peak = 832.633 ; gain = 533.406
Finished RTL Optimization Phase 2 : Time (s): cpu = 00:00:35 ; elapsed = 00:00:38 . Memory (MB): peak = 832.633 ; gain = 533.406
Finished Cross Boundary and Area Optimization : Time (s): cpu = 00:00:36 ; elapsed = 00:00:39 . Memory (MB): peak = 832.633 ; gain = 533.406
Finished Applying XDC Timing Constraints : Time (s): cpu = 00:01:00 ; elapsed = 00:01:04 . Memory (MB): peak = 832.633 ; gain = 533.406
Finished Timing Optimization : Time (s): cpu = 00:01:00 ; elapsed = 00:01:04 . Memory (MB): peak = 832.633 ; gain = 533.406
Finished Technology Mapping : Time (s): cpu = 00:01:00 ; elapsed = 00:01:04 . Memory (MB): peak = 832.633 ; gain = 533.406
Finished IO Insertion : Time (s): cpu = 00:01:02 ; elapsed = 00:01:06 . Memory (MB): peak = 832.633 ; gain = 533.406
Finished Renaming Generated Instances : Time (s): cpu = 00:01:02 ; elapsed = 00:01:06 . Memory (MB): peak = 832.633 ; gain = 533.406
Finished Rebuilding User Hierarchy : Time (s): cpu = 00:01:02 ; elapsed = 00:01:06 . Memory (MB): peak = 832.633 ; gain = 533.406
Finished Renaming Generated Ports : Time (s): cpu = 00:01:02 ; elapsed = 00:01:06 . Memory (MB): peak = 832.633 ; gain = 533.406
Finished Handling Custom Attributes : Time (s): cpu = 00:01:02 ; elapsed = 00:01:06 . Memory (MB): peak = 832.633 ; gain = 533.406
Finished Renaming Generated Nets : Time (s): cpu = 00:01:02 ; elapsed = 00:01:06 . Memory (MB): peak = 832.633 ; gain = 533.406

Report Cell Usage: 
+------+------+------+
|      |Cell  |Count |
+------+------+------+
|1     |LUT1  |     5|
|2     |LUT2  |     9|
|3     |LUT3  |     1|
|4     |LUT4  |     6|
|5     |LUT5  |     3|
|6     |LUT6  |     1|
|7     |SRL16 |     1|
|8     |FDR   |     8|
|9     |FDRE  |    28|
|10    |FDSE  |     4|
+------+------+------+
Finished Writing Synthesis Report : Time (s): cpu = 00:01:02 ; elapsed = 00:01:06 . Memory (MB): peak = 832.633 ; gain = 533.406
synth_design: Time (s): cpu = 00:01:05 ; elapsed = 00:01:09 . Memory (MB): peak = 832.633 ; gain = 534.035
