23:36:54 **** Incremental Build of configuration Debug for project vfpWebCamera ****
make pre-build main-build 
a9-linaro-pre-build-step
' '
make: Nothing to be done for `main-build'.
23:37:09 **** Auto Build of configuration Debug for project vfpWebCamera ****
make pre-build main-build 
a9-linaro-pre-build-step
' '
make: Nothing to be done for `main-build'.
23:37:17 **** Incremental Build of configuration Debug for project fsbl ****
make pre-build main-build 
a9-linaro-pre-build-step
' '
make: Nothing to be done for `main-build'.
23:37:18 **** Incremental Build of configuration Debug for project vfpWebCamera ****
make pre-build main-build 
a9-linaro-pre-build-step
' '
make: Nothing to be done for `main-build'.
23:37:25 **** Auto Build of configuration Debug for project vfpWebCamera ****
make pre-build main-build 
a9-linaro-pre-build-step
' '
make: Nothing to be done for `main-build'.
