
*** Running vivado
    with args -log zynq_soc_D5M_IIC_0.vds -m64 -product Vivado -mode batch -messageDb vivado.pb -notrace -source zynq_soc_D5M_IIC_0.tcl

WARNING: Default location for XILINX_VIVADO_HLS not found: 

****** Vivado v2017.2 (64-bit)
  **** SW Build 1909853 on Thu Jun 15 18:39:09 MDT 2017
  **** IP Build 1909766 on Thu Jun 15 19:58:00 MDT 2017
    ** Copyright 1986-2017 Xilinx, Inc. All Rights Reserved.

source zynq_soc_D5M_IIC_0.tcl -notrace
Starting RTL Elaboration : Time (s): cpu = 00:00:08 ; elapsed = 00:00:09 . Memory (MB): peak = 383.391 ; gain = 78.871
INFO: [Synth 8-638] synthesizing module 'zynq_soc_D5M_IIC_0' [c:/Users/GATE/Documents/GitHub/D5MWEB/ZEDBOARD/vivado/zynq_soc/ZEDBOARD.srcs/sources_1/bd/zynq_soc/ip/zynq_soc_D5M_IIC_0/synth/zynq_soc_D5M_IIC_0.vhd:91]
INFO: [Synth 8-638] synthesizing module 'axi_iic' [c:/Users/GATE/Documents/GitHub/D5MWEB/ZEDBOARD/vivado/zynq_soc/ZEDBOARD.srcs/sources_1/bd/zynq_soc/ipshared/6bf4/hdl/axi_iic_v2_0_vh_rfs.vhd:6870]
INFO: [Synth 8-638] synthesizing module 'iic' [c:/Users/GATE/Documents/GitHub/D5MWEB/ZEDBOARD/vivado/zynq_soc/ZEDBOARD.srcs/sources_1/bd/zynq_soc/ipshared/6bf4/hdl/axi_iic_v2_0_vh_rfs.vhd:6187]
INFO: [Synth 8-638] synthesizing module 'axi_ipif_ssp1' [c:/Users/GATE/Documents/GitHub/D5MWEB/ZEDBOARD/vivado/zynq_soc/ZEDBOARD.srcs/sources_1/bd/zynq_soc/ipshared/6bf4/hdl/axi_iic_v2_0_vh_rfs.vhd:5661]
INFO: [Synth 8-638] synthesizing module 'axi_lite_ipif' [c:/Users/GATE/Documents/GitHub/D5MWEB/ZEDBOARD/vivado/zynq_soc/ZEDBOARD.srcs/sources_1/bd/zynq_soc/ipshared/0ba0/hdl/axi_lite_ipif_v3_0_vh_rfs.vhd:2948]
INFO: [Synth 8-638] synthesizing module 'slave_attachment' [c:/Users/GATE/Documents/GitHub/D5MWEB/ZEDBOARD/vivado/zynq_soc/ZEDBOARD.srcs/sources_1/bd/zynq_soc/ipshared/0ba0/hdl/axi_lite_ipif_v3_0_vh_rfs.vhd:2341]
INFO: [Synth 8-638] synthesizing module 'address_decoder' [c:/Users/GATE/Documents/GitHub/D5MWEB/ZEDBOARD/vivado/zynq_soc/ZEDBOARD.srcs/sources_1/bd/zynq_soc/ipshared/0ba0/hdl/axi_lite_ipif_v3_0_vh_rfs.vhd:1775]
INFO: [Synth 8-638] synthesizing module 'pselect_f' [c:/Users/GATE/Documents/GitHub/D5MWEB/ZEDBOARD/vivado/zynq_soc/ZEDBOARD.srcs/sources_1/bd/zynq_soc/ipshared/0ba0/hdl/axi_lite_ipif_v3_0_vh_rfs.vhd:1534]
INFO: [Synth 8-256] done synthesizing module 'pselect_f' (1#1) [c:/Users/GATE/Documents/GitHub/D5MWEB/ZEDBOARD/vivado/zynq_soc/ZEDBOARD.srcs/sources_1/bd/zynq_soc/ipshared/0ba0/hdl/axi_lite_ipif_v3_0_vh_rfs.vhd:1534]
INFO: [Synth 8-638] synthesizing module 'pselect_f__parameterized0' [c:/Users/GATE/Documents/GitHub/D5MWEB/ZEDBOARD/vivado/zynq_soc/ZEDBOARD.srcs/sources_1/bd/zynq_soc/ipshared/0ba0/hdl/axi_lite_ipif_v3_0_vh_rfs.vhd:1534]
INFO: [Synth 8-256] done synthesizing module 'pselect_f__parameterized0' (1#1) [c:/Users/GATE/Documents/GitHub/D5MWEB/ZEDBOARD/vivado/zynq_soc/ZEDBOARD.srcs/sources_1/bd/zynq_soc/ipshared/0ba0/hdl/axi_lite_ipif_v3_0_vh_rfs.vhd:1534]
INFO: [Synth 8-638] synthesizing module 'pselect_f__parameterized1' [c:/Users/GATE/Documents/GitHub/D5MWEB/ZEDBOARD/vivado/zynq_soc/ZEDBOARD.srcs/sources_1/bd/zynq_soc/ipshared/0ba0/hdl/axi_lite_ipif_v3_0_vh_rfs.vhd:1534]
INFO: [Synth 8-256] done synthesizing module 'pselect_f__parameterized1' (1#1) [c:/Users/GATE/Documents/GitHub/D5MWEB/ZEDBOARD/vivado/zynq_soc/ZEDBOARD.srcs/sources_1/bd/zynq_soc/ipshared/0ba0/hdl/axi_lite_ipif_v3_0_vh_rfs.vhd:1534]
INFO: [Synth 8-638] synthesizing module 'pselect_f__parameterized2' [c:/Users/GATE/Documents/GitHub/D5MWEB/ZEDBOARD/vivado/zynq_soc/ZEDBOARD.srcs/sources_1/bd/zynq_soc/ipshared/0ba0/hdl/axi_lite_ipif_v3_0_vh_rfs.vhd:1534]
INFO: [Synth 8-256] done synthesizing module 'pselect_f__parameterized2' (1#1) [c:/Users/GATE/Documents/GitHub/D5MWEB/ZEDBOARD/vivado/zynq_soc/ZEDBOARD.srcs/sources_1/bd/zynq_soc/ipshared/0ba0/hdl/axi_lite_ipif_v3_0_vh_rfs.vhd:1534]
INFO: [Synth 8-638] synthesizing module 'pselect_f__parameterized3' [c:/Users/GATE/Documents/GitHub/D5MWEB/ZEDBOARD/vivado/zynq_soc/ZEDBOARD.srcs/sources_1/bd/zynq_soc/ipshared/0ba0/hdl/axi_lite_ipif_v3_0_vh_rfs.vhd:1534]
INFO: [Synth 8-256] done synthesizing module 'pselect_f__parameterized3' (1#1) [c:/Users/GATE/Documents/GitHub/D5MWEB/ZEDBOARD/vivado/zynq_soc/ZEDBOARD.srcs/sources_1/bd/zynq_soc/ipshared/0ba0/hdl/axi_lite_ipif_v3_0_vh_rfs.vhd:1534]
INFO: [Synth 8-638] synthesizing module 'pselect_f__parameterized4' [c:/Users/GATE/Documents/GitHub/D5MWEB/ZEDBOARD/vivado/zynq_soc/ZEDBOARD.srcs/sources_1/bd/zynq_soc/ipshared/0ba0/hdl/axi_lite_ipif_v3_0_vh_rfs.vhd:1534]
INFO: [Synth 8-256] done synthesizing module 'pselect_f__parameterized4' (1#1) [c:/Users/GATE/Documents/GitHub/D5MWEB/ZEDBOARD/vivado/zynq_soc/ZEDBOARD.srcs/sources_1/bd/zynq_soc/ipshared/0ba0/hdl/axi_lite_ipif_v3_0_vh_rfs.vhd:1534]
INFO: [Synth 8-638] synthesizing module 'pselect_f__parameterized5' [c:/Users/GATE/Documents/GitHub/D5MWEB/ZEDBOARD/vivado/zynq_soc/ZEDBOARD.srcs/sources_1/bd/zynq_soc/ipshared/0ba0/hdl/axi_lite_ipif_v3_0_vh_rfs.vhd:1534]
INFO: [Synth 8-256] done synthesizing module 'pselect_f__parameterized5' (1#1) [c:/Users/GATE/Documents/GitHub/D5MWEB/ZEDBOARD/vivado/zynq_soc/ZEDBOARD.srcs/sources_1/bd/zynq_soc/ipshared/0ba0/hdl/axi_lite_ipif_v3_0_vh_rfs.vhd:1534]
INFO: [Synth 8-638] synthesizing module 'pselect_f__parameterized6' [c:/Users/GATE/Documents/GitHub/D5MWEB/ZEDBOARD/vivado/zynq_soc/ZEDBOARD.srcs/sources_1/bd/zynq_soc/ipshared/0ba0/hdl/axi_lite_ipif_v3_0_vh_rfs.vhd:1534]
INFO: [Synth 8-256] done synthesizing module 'pselect_f__parameterized6' (1#1) [c:/Users/GATE/Documents/GitHub/D5MWEB/ZEDBOARD/vivado/zynq_soc/ZEDBOARD.srcs/sources_1/bd/zynq_soc/ipshared/0ba0/hdl/axi_lite_ipif_v3_0_vh_rfs.vhd:1534]
INFO: [Synth 8-638] synthesizing module 'pselect_f__parameterized7' [c:/Users/GATE/Documents/GitHub/D5MWEB/ZEDBOARD/vivado/zynq_soc/ZEDBOARD.srcs/sources_1/bd/zynq_soc/ipshared/0ba0/hdl/axi_lite_ipif_v3_0_vh_rfs.vhd:1534]
INFO: [Synth 8-256] done synthesizing module 'pselect_f__parameterized7' (1#1) [c:/Users/GATE/Documents/GitHub/D5MWEB/ZEDBOARD/vivado/zynq_soc/ZEDBOARD.srcs/sources_1/bd/zynq_soc/ipshared/0ba0/hdl/axi_lite_ipif_v3_0_vh_rfs.vhd:1534]
INFO: [Synth 8-638] synthesizing module 'pselect_f__parameterized8' [c:/Users/GATE/Documents/GitHub/D5MWEB/ZEDBOARD/vivado/zynq_soc/ZEDBOARD.srcs/sources_1/bd/zynq_soc/ipshared/0ba0/hdl/axi_lite_ipif_v3_0_vh_rfs.vhd:1534]
INFO: [Synth 8-256] done synthesizing module 'pselect_f__parameterized8' (1#1) [c:/Users/GATE/Documents/GitHub/D5MWEB/ZEDBOARD/vivado/zynq_soc/ZEDBOARD.srcs/sources_1/bd/zynq_soc/ipshared/0ba0/hdl/axi_lite_ipif_v3_0_vh_rfs.vhd:1534]
INFO: [Synth 8-638] synthesizing module 'pselect_f__parameterized9' [c:/Users/GATE/Documents/GitHub/D5MWEB/ZEDBOARD/vivado/zynq_soc/ZEDBOARD.srcs/sources_1/bd/zynq_soc/ipshared/0ba0/hdl/axi_lite_ipif_v3_0_vh_rfs.vhd:1534]
INFO: [Synth 8-256] done synthesizing module 'pselect_f__parameterized9' (1#1) [c:/Users/GATE/Documents/GitHub/D5MWEB/ZEDBOARD/vivado/zynq_soc/ZEDBOARD.srcs/sources_1/bd/zynq_soc/ipshared/0ba0/hdl/axi_lite_ipif_v3_0_vh_rfs.vhd:1534]
INFO: [Synth 8-638] synthesizing module 'pselect_f__parameterized10' [c:/Users/GATE/Documents/GitHub/D5MWEB/ZEDBOARD/vivado/zynq_soc/ZEDBOARD.srcs/sources_1/bd/zynq_soc/ipshared/0ba0/hdl/axi_lite_ipif_v3_0_vh_rfs.vhd:1534]
INFO: [Synth 8-256] done synthesizing module 'pselect_f__parameterized10' (1#1) [c:/Users/GATE/Documents/GitHub/D5MWEB/ZEDBOARD/vivado/zynq_soc/ZEDBOARD.srcs/sources_1/bd/zynq_soc/ipshared/0ba0/hdl/axi_lite_ipif_v3_0_vh_rfs.vhd:1534]
INFO: [Synth 8-638] synthesizing module 'pselect_f__parameterized11' [c:/Users/GATE/Documents/GitHub/D5MWEB/ZEDBOARD/vivado/zynq_soc/ZEDBOARD.srcs/sources_1/bd/zynq_soc/ipshared/0ba0/hdl/axi_lite_ipif_v3_0_vh_rfs.vhd:1534]
INFO: [Synth 8-256] done synthesizing module 'pselect_f__parameterized11' (1#1) [c:/Users/GATE/Documents/GitHub/D5MWEB/ZEDBOARD/vivado/zynq_soc/ZEDBOARD.srcs/sources_1/bd/zynq_soc/ipshared/0ba0/hdl/axi_lite_ipif_v3_0_vh_rfs.vhd:1534]
INFO: [Synth 8-638] synthesizing module 'pselect_f__parameterized12' [c:/Users/GATE/Documents/GitHub/D5MWEB/ZEDBOARD/vivado/zynq_soc/ZEDBOARD.srcs/sources_1/bd/zynq_soc/ipshared/0ba0/hdl/axi_lite_ipif_v3_0_vh_rfs.vhd:1534]
INFO: [Synth 8-256] done synthesizing module 'pselect_f__parameterized12' (1#1) [c:/Users/GATE/Documents/GitHub/D5MWEB/ZEDBOARD/vivado/zynq_soc/ZEDBOARD.srcs/sources_1/bd/zynq_soc/ipshared/0ba0/hdl/axi_lite_ipif_v3_0_vh_rfs.vhd:1534]
INFO: [Synth 8-638] synthesizing module 'pselect_f__parameterized13' [c:/Users/GATE/Documents/GitHub/D5MWEB/ZEDBOARD/vivado/zynq_soc/ZEDBOARD.srcs/sources_1/bd/zynq_soc/ipshared/0ba0/hdl/axi_lite_ipif_v3_0_vh_rfs.vhd:1534]
INFO: [Synth 8-256] done synthesizing module 'pselect_f__parameterized13' (1#1) [c:/Users/GATE/Documents/GitHub/D5MWEB/ZEDBOARD/vivado/zynq_soc/ZEDBOARD.srcs/sources_1/bd/zynq_soc/ipshared/0ba0/hdl/axi_lite_ipif_v3_0_vh_rfs.vhd:1534]
INFO: [Synth 8-638] synthesizing module 'pselect_f__parameterized14' [c:/Users/GATE/Documents/GitHub/D5MWEB/ZEDBOARD/vivado/zynq_soc/ZEDBOARD.srcs/sources_1/bd/zynq_soc/ipshared/0ba0/hdl/axi_lite_ipif_v3_0_vh_rfs.vhd:1534]
INFO: [Synth 8-256] done synthesizing module 'pselect_f__parameterized14' (1#1) [c:/Users/GATE/Documents/GitHub/D5MWEB/ZEDBOARD/vivado/zynq_soc/ZEDBOARD.srcs/sources_1/bd/zynq_soc/ipshared/0ba0/hdl/axi_lite_ipif_v3_0_vh_rfs.vhd:1534]
INFO: [Synth 8-638] synthesizing module 'pselect_f__parameterized15' [c:/Users/GATE/Documents/GitHub/D5MWEB/ZEDBOARD/vivado/zynq_soc/ZEDBOARD.srcs/sources_1/bd/zynq_soc/ipshared/0ba0/hdl/axi_lite_ipif_v3_0_vh_rfs.vhd:1534]
INFO: [Synth 8-256] done synthesizing module 'pselect_f__parameterized15' (1#1) [c:/Users/GATE/Documents/GitHub/D5MWEB/ZEDBOARD/vivado/zynq_soc/ZEDBOARD.srcs/sources_1/bd/zynq_soc/ipshared/0ba0/hdl/axi_lite_ipif_v3_0_vh_rfs.vhd:1534]
INFO: [Synth 8-638] synthesizing module 'pselect_f__parameterized16' [c:/Users/GATE/Documents/GitHub/D5MWEB/ZEDBOARD/vivado/zynq_soc/ZEDBOARD.srcs/sources_1/bd/zynq_soc/ipshared/0ba0/hdl/axi_lite_ipif_v3_0_vh_rfs.vhd:1534]
INFO: [Synth 8-256] done synthesizing module 'pselect_f__parameterized16' (1#1) [c:/Users/GATE/Documents/GitHub/D5MWEB/ZEDBOARD/vivado/zynq_soc/ZEDBOARD.srcs/sources_1/bd/zynq_soc/ipshared/0ba0/hdl/axi_lite_ipif_v3_0_vh_rfs.vhd:1534]
INFO: [Synth 8-638] synthesizing module 'pselect_f__parameterized17' [c:/Users/GATE/Documents/GitHub/D5MWEB/ZEDBOARD/vivado/zynq_soc/ZEDBOARD.srcs/sources_1/bd/zynq_soc/ipshared/0ba0/hdl/axi_lite_ipif_v3_0_vh_rfs.vhd:1534]
INFO: [Synth 8-256] done synthesizing module 'pselect_f__parameterized17' (1#1) [c:/Users/GATE/Documents/GitHub/D5MWEB/ZEDBOARD/vivado/zynq_soc/ZEDBOARD.srcs/sources_1/bd/zynq_soc/ipshared/0ba0/hdl/axi_lite_ipif_v3_0_vh_rfs.vhd:1534]
INFO: [Synth 8-638] synthesizing module 'pselect_f__parameterized18' [c:/Users/GATE/Documents/GitHub/D5MWEB/ZEDBOARD/vivado/zynq_soc/ZEDBOARD.srcs/sources_1/bd/zynq_soc/ipshared/0ba0/hdl/axi_lite_ipif_v3_0_vh_rfs.vhd:1534]
INFO: [Synth 8-256] done synthesizing module 'pselect_f__parameterized18' (1#1) [c:/Users/GATE/Documents/GitHub/D5MWEB/ZEDBOARD/vivado/zynq_soc/ZEDBOARD.srcs/sources_1/bd/zynq_soc/ipshared/0ba0/hdl/axi_lite_ipif_v3_0_vh_rfs.vhd:1534]
INFO: [Synth 8-638] synthesizing module 'pselect_f__parameterized19' [c:/Users/GATE/Documents/GitHub/D5MWEB/ZEDBOARD/vivado/zynq_soc/ZEDBOARD.srcs/sources_1/bd/zynq_soc/ipshared/0ba0/hdl/axi_lite_ipif_v3_0_vh_rfs.vhd:1534]
INFO: [Synth 8-256] done synthesizing module 'pselect_f__parameterized19' (1#1) [c:/Users/GATE/Documents/GitHub/D5MWEB/ZEDBOARD/vivado/zynq_soc/ZEDBOARD.srcs/sources_1/bd/zynq_soc/ipshared/0ba0/hdl/axi_lite_ipif_v3_0_vh_rfs.vhd:1534]
INFO: [Synth 8-638] synthesizing module 'pselect_f__parameterized20' [c:/Users/GATE/Documents/GitHub/D5MWEB/ZEDBOARD/vivado/zynq_soc/ZEDBOARD.srcs/sources_1/bd/zynq_soc/ipshared/0ba0/hdl/axi_lite_ipif_v3_0_vh_rfs.vhd:1534]
INFO: [Synth 8-256] done synthesizing module 'pselect_f__parameterized20' (1#1) [c:/Users/GATE/Documents/GitHub/D5MWEB/ZEDBOARD/vivado/zynq_soc/ZEDBOARD.srcs/sources_1/bd/zynq_soc/ipshared/0ba0/hdl/axi_lite_ipif_v3_0_vh_rfs.vhd:1534]
INFO: [Synth 8-638] synthesizing module 'pselect_f__parameterized21' [c:/Users/GATE/Documents/GitHub/D5MWEB/ZEDBOARD/vivado/zynq_soc/ZEDBOARD.srcs/sources_1/bd/zynq_soc/ipshared/0ba0/hdl/axi_lite_ipif_v3_0_vh_rfs.vhd:1534]
INFO: [Synth 8-256] done synthesizing module 'pselect_f__parameterized21' (1#1) [c:/Users/GATE/Documents/GitHub/D5MWEB/ZEDBOARD/vivado/zynq_soc/ZEDBOARD.srcs/sources_1/bd/zynq_soc/ipshared/0ba0/hdl/axi_lite_ipif_v3_0_vh_rfs.vhd:1534]
INFO: [Synth 8-638] synthesizing module 'pselect_f__parameterized22' [c:/Users/GATE/Documents/GitHub/D5MWEB/ZEDBOARD/vivado/zynq_soc/ZEDBOARD.srcs/sources_1/bd/zynq_soc/ipshared/0ba0/hdl/axi_lite_ipif_v3_0_vh_rfs.vhd:1534]
INFO: [Synth 8-256] done synthesizing module 'pselect_f__parameterized22' (1#1) [c:/Users/GATE/Documents/GitHub/D5MWEB/ZEDBOARD/vivado/zynq_soc/ZEDBOARD.srcs/sources_1/bd/zynq_soc/ipshared/0ba0/hdl/axi_lite_ipif_v3_0_vh_rfs.vhd:1534]
INFO: [Synth 8-638] synthesizing module 'pselect_f__parameterized23' [c:/Users/GATE/Documents/GitHub/D5MWEB/ZEDBOARD/vivado/zynq_soc/ZEDBOARD.srcs/sources_1/bd/zynq_soc/ipshared/0ba0/hdl/axi_lite_ipif_v3_0_vh_rfs.vhd:1534]
INFO: [Synth 8-256] done synthesizing module 'pselect_f__parameterized23' (1#1) [c:/Users/GATE/Documents/GitHub/D5MWEB/ZEDBOARD/vivado/zynq_soc/ZEDBOARD.srcs/sources_1/bd/zynq_soc/ipshared/0ba0/hdl/axi_lite_ipif_v3_0_vh_rfs.vhd:1534]
INFO: [Synth 8-638] synthesizing module 'pselect_f__parameterized24' [c:/Users/GATE/Documents/GitHub/D5MWEB/ZEDBOARD/vivado/zynq_soc/ZEDBOARD.srcs/sources_1/bd/zynq_soc/ipshared/0ba0/hdl/axi_lite_ipif_v3_0_vh_rfs.vhd:1534]
INFO: [Synth 8-256] done synthesizing module 'pselect_f__parameterized24' (1#1) [c:/Users/GATE/Documents/GitHub/D5MWEB/ZEDBOARD/vivado/zynq_soc/ZEDBOARD.srcs/sources_1/bd/zynq_soc/ipshared/0ba0/hdl/axi_lite_ipif_v3_0_vh_rfs.vhd:1534]
INFO: [Synth 8-638] synthesizing module 'pselect_f__parameterized25' [c:/Users/GATE/Documents/GitHub/D5MWEB/ZEDBOARD/vivado/zynq_soc/ZEDBOARD.srcs/sources_1/bd/zynq_soc/ipshared/0ba0/hdl/axi_lite_ipif_v3_0_vh_rfs.vhd:1534]
INFO: [Synth 8-256] done synthesizing module 'pselect_f__parameterized25' (1#1) [c:/Users/GATE/Documents/GitHub/D5MWEB/ZEDBOARD/vivado/zynq_soc/ZEDBOARD.srcs/sources_1/bd/zynq_soc/ipshared/0ba0/hdl/axi_lite_ipif_v3_0_vh_rfs.vhd:1534]
INFO: [Synth 8-638] synthesizing module 'pselect_f__parameterized26' [c:/Users/GATE/Documents/GitHub/D5MWEB/ZEDBOARD/vivado/zynq_soc/ZEDBOARD.srcs/sources_1/bd/zynq_soc/ipshared/0ba0/hdl/axi_lite_ipif_v3_0_vh_rfs.vhd:1534]
INFO: [Synth 8-256] done synthesizing module 'pselect_f__parameterized26' (1#1) [c:/Users/GATE/Documents/GitHub/D5MWEB/ZEDBOARD/vivado/zynq_soc/ZEDBOARD.srcs/sources_1/bd/zynq_soc/ipshared/0ba0/hdl/axi_lite_ipif_v3_0_vh_rfs.vhd:1534]
INFO: [Synth 8-638] synthesizing module 'pselect_f__parameterized27' [c:/Users/GATE/Documents/GitHub/D5MWEB/ZEDBOARD/vivado/zynq_soc/ZEDBOARD.srcs/sources_1/bd/zynq_soc/ipshared/0ba0/hdl/axi_lite_ipif_v3_0_vh_rfs.vhd:1534]
INFO: [Synth 8-256] done synthesizing module 'pselect_f__parameterized27' (1#1) [c:/Users/GATE/Documents/GitHub/D5MWEB/ZEDBOARD/vivado/zynq_soc/ZEDBOARD.srcs/sources_1/bd/zynq_soc/ipshared/0ba0/hdl/axi_lite_ipif_v3_0_vh_rfs.vhd:1534]
INFO: [Synth 8-638] synthesizing module 'pselect_f__parameterized28' [c:/Users/GATE/Documents/GitHub/D5MWEB/ZEDBOARD/vivado/zynq_soc/ZEDBOARD.srcs/sources_1/bd/zynq_soc/ipshared/0ba0/hdl/axi_lite_ipif_v3_0_vh_rfs.vhd:1534]
INFO: [Synth 8-256] done synthesizing module 'pselect_f__parameterized28' (1#1) [c:/Users/GATE/Documents/GitHub/D5MWEB/ZEDBOARD/vivado/zynq_soc/ZEDBOARD.srcs/sources_1/bd/zynq_soc/ipshared/0ba0/hdl/axi_lite_ipif_v3_0_vh_rfs.vhd:1534]
INFO: [Synth 8-638] synthesizing module 'pselect_f__parameterized29' [c:/Users/GATE/Documents/GitHub/D5MWEB/ZEDBOARD/vivado/zynq_soc/ZEDBOARD.srcs/sources_1/bd/zynq_soc/ipshared/0ba0/hdl/axi_lite_ipif_v3_0_vh_rfs.vhd:1534]
INFO: [Synth 8-256] done synthesizing module 'pselect_f__parameterized29' (1#1) [c:/Users/GATE/Documents/GitHub/D5MWEB/ZEDBOARD/vivado/zynq_soc/ZEDBOARD.srcs/sources_1/bd/zynq_soc/ipshared/0ba0/hdl/axi_lite_ipif_v3_0_vh_rfs.vhd:1534]
INFO: [Synth 8-638] synthesizing module 'pselect_f__parameterized30' [c:/Users/GATE/Documents/GitHub/D5MWEB/ZEDBOARD/vivado/zynq_soc/ZEDBOARD.srcs/sources_1/bd/zynq_soc/ipshared/0ba0/hdl/axi_lite_ipif_v3_0_vh_rfs.vhd:1534]
INFO: [Synth 8-256] done synthesizing module 'pselect_f__parameterized30' (1#1) [c:/Users/GATE/Documents/GitHub/D5MWEB/ZEDBOARD/vivado/zynq_soc/ZEDBOARD.srcs/sources_1/bd/zynq_soc/ipshared/0ba0/hdl/axi_lite_ipif_v3_0_vh_rfs.vhd:1534]
INFO: [Synth 8-638] synthesizing module 'pselect_f__parameterized31' [c:/Users/GATE/Documents/GitHub/D5MWEB/ZEDBOARD/vivado/zynq_soc/ZEDBOARD.srcs/sources_1/bd/zynq_soc/ipshared/0ba0/hdl/axi_lite_ipif_v3_0_vh_rfs.vhd:1534]
INFO: [Synth 8-256] done synthesizing module 'pselect_f__parameterized31' (1#1) [c:/Users/GATE/Documents/GitHub/D5MWEB/ZEDBOARD/vivado/zynq_soc/ZEDBOARD.srcs/sources_1/bd/zynq_soc/ipshared/0ba0/hdl/axi_lite_ipif_v3_0_vh_rfs.vhd:1534]
INFO: [Synth 8-638] synthesizing module 'pselect_f__parameterized32' [c:/Users/GATE/Documents/GitHub/D5MWEB/ZEDBOARD/vivado/zynq_soc/ZEDBOARD.srcs/sources_1/bd/zynq_soc/ipshared/0ba0/hdl/axi_lite_ipif_v3_0_vh_rfs.vhd:1534]
INFO: [Synth 8-256] done synthesizing module 'pselect_f__parameterized32' (1#1) [c:/Users/GATE/Documents/GitHub/D5MWEB/ZEDBOARD/vivado/zynq_soc/ZEDBOARD.srcs/sources_1/bd/zynq_soc/ipshared/0ba0/hdl/axi_lite_ipif_v3_0_vh_rfs.vhd:1534]
INFO: [Synth 8-638] synthesizing module 'pselect_f__parameterized33' [c:/Users/GATE/Documents/GitHub/D5MWEB/ZEDBOARD/vivado/zynq_soc/ZEDBOARD.srcs/sources_1/bd/zynq_soc/ipshared/0ba0/hdl/axi_lite_ipif_v3_0_vh_rfs.vhd:1534]
INFO: [Synth 8-256] done synthesizing module 'pselect_f__parameterized33' (1#1) [c:/Users/GATE/Documents/GitHub/D5MWEB/ZEDBOARD/vivado/zynq_soc/ZEDBOARD.srcs/sources_1/bd/zynq_soc/ipshared/0ba0/hdl/axi_lite_ipif_v3_0_vh_rfs.vhd:1534]
INFO: [Synth 8-638] synthesizing module 'pselect_f__parameterized34' [c:/Users/GATE/Documents/GitHub/D5MWEB/ZEDBOARD/vivado/zynq_soc/ZEDBOARD.srcs/sources_1/bd/zynq_soc/ipshared/0ba0/hdl/axi_lite_ipif_v3_0_vh_rfs.vhd:1534]
INFO: [Synth 8-256] done synthesizing module 'pselect_f__parameterized34' (1#1) [c:/Users/GATE/Documents/GitHub/D5MWEB/ZEDBOARD/vivado/zynq_soc/ZEDBOARD.srcs/sources_1/bd/zynq_soc/ipshared/0ba0/hdl/axi_lite_ipif_v3_0_vh_rfs.vhd:1534]
INFO: [Synth 8-638] synthesizing module 'pselect_f__parameterized35' [c:/Users/GATE/Documents/GitHub/D5MWEB/ZEDBOARD/vivado/zynq_soc/ZEDBOARD.srcs/sources_1/bd/zynq_soc/ipshared/0ba0/hdl/axi_lite_ipif_v3_0_vh_rfs.vhd:1534]
INFO: [Synth 8-256] done synthesizing module 'pselect_f__parameterized35' (1#1) [c:/Users/GATE/Documents/GitHub/D5MWEB/ZEDBOARD/vivado/zynq_soc/ZEDBOARD.srcs/sources_1/bd/zynq_soc/ipshared/0ba0/hdl/axi_lite_ipif_v3_0_vh_rfs.vhd:1534]
INFO: [Synth 8-256] done synthesizing module 'address_decoder' (2#1) [c:/Users/GATE/Documents/GitHub/D5MWEB/ZEDBOARD/vivado/zynq_soc/ZEDBOARD.srcs/sources_1/bd/zynq_soc/ipshared/0ba0/hdl/axi_lite_ipif_v3_0_vh_rfs.vhd:1775]
INFO: [Synth 8-256] done synthesizing module 'slave_attachment' (3#1) [c:/Users/GATE/Documents/GitHub/D5MWEB/ZEDBOARD/vivado/zynq_soc/ZEDBOARD.srcs/sources_1/bd/zynq_soc/ipshared/0ba0/hdl/axi_lite_ipif_v3_0_vh_rfs.vhd:2341]
INFO: [Synth 8-256] done synthesizing module 'axi_lite_ipif' (4#1) [c:/Users/GATE/Documents/GitHub/D5MWEB/ZEDBOARD/vivado/zynq_soc/ZEDBOARD.srcs/sources_1/bd/zynq_soc/ipshared/0ba0/hdl/axi_lite_ipif_v3_0_vh_rfs.vhd:2948]
INFO: [Synth 8-638] synthesizing module 'interrupt_control' [c:/Users/GATE/Documents/GitHub/D5MWEB/ZEDBOARD/vivado/zynq_soc/ZEDBOARD.srcs/sources_1/bd/zynq_soc/ipshared/e956/hdl/interrupt_control_v3_1_vh_rfs.vhd:259]
INFO: [Synth 8-256] done synthesizing module 'interrupt_control' (5#1) [c:/Users/GATE/Documents/GitHub/D5MWEB/ZEDBOARD/vivado/zynq_soc/ZEDBOARD.srcs/sources_1/bd/zynq_soc/ipshared/e956/hdl/interrupt_control_v3_1_vh_rfs.vhd:259]
INFO: [Synth 8-638] synthesizing module 'soft_reset' [c:/Users/GATE/Documents/GitHub/D5MWEB/ZEDBOARD/vivado/zynq_soc/ZEDBOARD.srcs/sources_1/bd/zynq_soc/ipshared/6bf4/hdl/axi_iic_v2_0_vh_rfs.vhd:141]
INFO: [Synth 8-256] done synthesizing module 'soft_reset' (6#1) [c:/Users/GATE/Documents/GitHub/D5MWEB/ZEDBOARD/vivado/zynq_soc/ZEDBOARD.srcs/sources_1/bd/zynq_soc/ipshared/6bf4/hdl/axi_iic_v2_0_vh_rfs.vhd:141]
INFO: [Synth 8-256] done synthesizing module 'axi_ipif_ssp1' (7#1) [c:/Users/GATE/Documents/GitHub/D5MWEB/ZEDBOARD/vivado/zynq_soc/ZEDBOARD.srcs/sources_1/bd/zynq_soc/ipshared/6bf4/hdl/axi_iic_v2_0_vh_rfs.vhd:5661]
INFO: [Synth 8-638] synthesizing module 'reg_interface' [c:/Users/GATE/Documents/GitHub/D5MWEB/ZEDBOARD/vivado/zynq_soc/ZEDBOARD.srcs/sources_1/bd/zynq_soc/ipshared/6bf4/hdl/axi_iic_v2_0_vh_rfs.vhd:1677]
INFO: [Synth 8-256] done synthesizing module 'reg_interface' (8#1) [c:/Users/GATE/Documents/GitHub/D5MWEB/ZEDBOARD/vivado/zynq_soc/ZEDBOARD.srcs/sources_1/bd/zynq_soc/ipshared/6bf4/hdl/axi_iic_v2_0_vh_rfs.vhd:1677]
INFO: [Synth 8-638] synthesizing module 'filter' [c:/Users/GATE/Documents/GitHub/D5MWEB/ZEDBOARD/vivado/zynq_soc/ZEDBOARD.srcs/sources_1/bd/zynq_soc/ipshared/6bf4/hdl/axi_iic_v2_0_vh_rfs.vhd:4985]
INFO: [Synth 8-638] synthesizing module 'debounce' [c:/Users/GATE/Documents/GitHub/D5MWEB/ZEDBOARD/vivado/zynq_soc/ZEDBOARD.srcs/sources_1/bd/zynq_soc/ipshared/6bf4/hdl/axi_iic_v2_0_vh_rfs.vhd:1307]
INFO: [Synth 8-638] synthesizing module 'cdc_sync' [c:/Users/GATE/Documents/GitHub/D5MWEB/ZEDBOARD/vivado/zynq_soc/ZEDBOARD.srcs/sources_1/bd/zynq_soc/ipshared/52cb/hdl/lib_cdc_v1_0_rfs.vhd:106]
INFO: [Synth 8-256] done synthesizing module 'cdc_sync' (9#1) [c:/Users/GATE/Documents/GitHub/D5MWEB/ZEDBOARD/vivado/zynq_soc/ZEDBOARD.srcs/sources_1/bd/zynq_soc/ipshared/52cb/hdl/lib_cdc_v1_0_rfs.vhd:106]
INFO: [Synth 8-256] done synthesizing module 'debounce' (10#1) [c:/Users/GATE/Documents/GitHub/D5MWEB/ZEDBOARD/vivado/zynq_soc/ZEDBOARD.srcs/sources_1/bd/zynq_soc/ipshared/6bf4/hdl/axi_iic_v2_0_vh_rfs.vhd:1307]
INFO: [Synth 8-256] done synthesizing module 'filter' (11#1) [c:/Users/GATE/Documents/GitHub/D5MWEB/ZEDBOARD/vivado/zynq_soc/ZEDBOARD.srcs/sources_1/bd/zynq_soc/ipshared/6bf4/hdl/axi_iic_v2_0_vh_rfs.vhd:4985]
INFO: [Synth 8-638] synthesizing module 'iic_control' [c:/Users/GATE/Documents/GitHub/D5MWEB/ZEDBOARD/vivado/zynq_soc/ZEDBOARD.srcs/sources_1/bd/zynq_soc/ipshared/6bf4/hdl/axi_iic_v2_0_vh_rfs.vhd:2908]
INFO: [Synth 8-638] synthesizing module 'upcnt_n' [c:/Users/GATE/Documents/GitHub/D5MWEB/ZEDBOARD/vivado/zynq_soc/ZEDBOARD.srcs/sources_1/bd/zynq_soc/ipshared/6bf4/hdl/axi_iic_v2_0_vh_rfs.vhd:740]
INFO: [Synth 8-256] done synthesizing module 'upcnt_n' (12#1) [c:/Users/GATE/Documents/GitHub/D5MWEB/ZEDBOARD/vivado/zynq_soc/ZEDBOARD.srcs/sources_1/bd/zynq_soc/ipshared/6bf4/hdl/axi_iic_v2_0_vh_rfs.vhd:740]
INFO: [Synth 8-638] synthesizing module 'shift8' [c:/Users/GATE/Documents/GitHub/D5MWEB/ZEDBOARD/vivado/zynq_soc/ZEDBOARD.srcs/sources_1/bd/zynq_soc/ipshared/6bf4/hdl/axi_iic_v2_0_vh_rfs.vhd:897]
INFO: [Synth 8-256] done synthesizing module 'shift8' (13#1) [c:/Users/GATE/Documents/GitHub/D5MWEB/ZEDBOARD/vivado/zynq_soc/ZEDBOARD.srcs/sources_1/bd/zynq_soc/ipshared/6bf4/hdl/axi_iic_v2_0_vh_rfs.vhd:897]
INFO: [Synth 8-638] synthesizing module 'upcnt_n__parameterized0' [c:/Users/GATE/Documents/GitHub/D5MWEB/ZEDBOARD/vivado/zynq_soc/ZEDBOARD.srcs/sources_1/bd/zynq_soc/ipshared/6bf4/hdl/axi_iic_v2_0_vh_rfs.vhd:740]
INFO: [Synth 8-256] done synthesizing module 'upcnt_n__parameterized0' (13#1) [c:/Users/GATE/Documents/GitHub/D5MWEB/ZEDBOARD/vivado/zynq_soc/ZEDBOARD.srcs/sources_1/bd/zynq_soc/ipshared/6bf4/hdl/axi_iic_v2_0_vh_rfs.vhd:740]
INFO: [Synth 8-256] done synthesizing module 'iic_control' (14#1) [c:/Users/GATE/Documents/GitHub/D5MWEB/ZEDBOARD/vivado/zynq_soc/ZEDBOARD.srcs/sources_1/bd/zynq_soc/ipshared/6bf4/hdl/axi_iic_v2_0_vh_rfs.vhd:2908]
INFO: [Synth 8-638] synthesizing module 'SRL_FIFO' [c:/Users/GATE/Documents/GitHub/D5MWEB/ZEDBOARD/vivado/zynq_soc/ZEDBOARD.srcs/sources_1/bd/zynq_soc/ipshared/6bf4/hdl/axi_iic_v2_0_vh_rfs.vhd:449]
INFO: [Synth 8-638] synthesizing module 'FDR' [C:/Xilinx/Vivado/2017.2/scripts/rt/data/unisim_comp.v:3951]
INFO: [Synth 8-256] done synthesizing module 'FDR' (15#1) [C:/Xilinx/Vivado/2017.2/scripts/rt/data/unisim_comp.v:3951]
INFO: [Synth 8-638] synthesizing module 'MUXCY_L' [C:/Xilinx/Vivado/2017.2/scripts/rt/data/unisim_comp.v:21638]
INFO: [Synth 8-256] done synthesizing module 'MUXCY_L' (16#1) [C:/Xilinx/Vivado/2017.2/scripts/rt/data/unisim_comp.v:21638]
INFO: [Synth 8-638] synthesizing module 'XORCY' [C:/Xilinx/Vivado/2017.2/scripts/rt/data/unisim_comp.v:45685]
INFO: [Synth 8-256] done synthesizing module 'XORCY' (17#1) [C:/Xilinx/Vivado/2017.2/scripts/rt/data/unisim_comp.v:45685]
INFO: [Synth 8-638] synthesizing module 'FDRE' [C:/Xilinx/Vivado/2017.2/scripts/rt/data/unisim_comp.v:3964]
INFO: [Synth 8-256] done synthesizing module 'FDRE' (18#1) [C:/Xilinx/Vivado/2017.2/scripts/rt/data/unisim_comp.v:3964]
INFO: [Synth 8-638] synthesizing module 'SRL16E' [C:/Xilinx/Vivado/2017.2/scripts/rt/data/unisim_comp.v:43673]
INFO: [Synth 8-256] done synthesizing module 'SRL16E' (19#1) [C:/Xilinx/Vivado/2017.2/scripts/rt/data/unisim_comp.v:43673]
INFO: [Synth 8-256] done synthesizing module 'SRL_FIFO' (20#1) [c:/Users/GATE/Documents/GitHub/D5MWEB/ZEDBOARD/vivado/zynq_soc/ZEDBOARD.srcs/sources_1/bd/zynq_soc/ipshared/6bf4/hdl/axi_iic_v2_0_vh_rfs.vhd:449]
INFO: [Synth 8-638] synthesizing module 'dynamic_master' [c:/Users/GATE/Documents/GitHub/D5MWEB/ZEDBOARD/vivado/zynq_soc/ZEDBOARD.srcs/sources_1/bd/zynq_soc/ipshared/6bf4/hdl/axi_iic_v2_0_vh_rfs.vhd:5204]
INFO: [Synth 8-256] done synthesizing module 'dynamic_master' (21#1) [c:/Users/GATE/Documents/GitHub/D5MWEB/ZEDBOARD/vivado/zynq_soc/ZEDBOARD.srcs/sources_1/bd/zynq_soc/ipshared/6bf4/hdl/axi_iic_v2_0_vh_rfs.vhd:5204]
INFO: [Synth 8-638] synthesizing module 'SRL_FIFO__parameterized0' [c:/Users/GATE/Documents/GitHub/D5MWEB/ZEDBOARD/vivado/zynq_soc/ZEDBOARD.srcs/sources_1/bd/zynq_soc/ipshared/6bf4/hdl/axi_iic_v2_0_vh_rfs.vhd:449]
INFO: [Synth 8-256] done synthesizing module 'SRL_FIFO__parameterized0' (21#1) [c:/Users/GATE/Documents/GitHub/D5MWEB/ZEDBOARD/vivado/zynq_soc/ZEDBOARD.srcs/sources_1/bd/zynq_soc/ipshared/6bf4/hdl/axi_iic_v2_0_vh_rfs.vhd:449]
INFO: [Synth 8-256] done synthesizing module 'iic' (22#1) [c:/Users/GATE/Documents/GitHub/D5MWEB/ZEDBOARD/vivado/zynq_soc/ZEDBOARD.srcs/sources_1/bd/zynq_soc/ipshared/6bf4/hdl/axi_iic_v2_0_vh_rfs.vhd:6187]
INFO: [Synth 8-256] done synthesizing module 'axi_iic' (23#1) [c:/Users/GATE/Documents/GitHub/D5MWEB/ZEDBOARD/vivado/zynq_soc/ZEDBOARD.srcs/sources_1/bd/zynq_soc/ipshared/6bf4/hdl/axi_iic_v2_0_vh_rfs.vhd:6870]
INFO: [Synth 8-256] done synthesizing module 'zynq_soc_D5M_IIC_0' (24#1) [c:/Users/GATE/Documents/GitHub/D5MWEB/ZEDBOARD/vivado/zynq_soc/ZEDBOARD.srcs/sources_1/bd/zynq_soc/ip/zynq_soc_D5M_IIC_0/synth/zynq_soc_D5M_IIC_0.vhd:91]
Finished RTL Elaboration : Time (s): cpu = 00:00:13 ; elapsed = 00:00:15 . Memory (MB): peak = 433.488 ; gain = 128.969
Finished RTL Optimization Phase 1 : Time (s): cpu = 00:00:14 ; elapsed = 00:00:16 . Memory (MB): peak = 433.488 ; gain = 128.969
INFO: [Device 21-403] Loading part xc7z020clg484-1
Constraint Validation Runtime : Time (s): cpu = 00:00:00 ; elapsed = 00:00:00.061 . Memory (MB): peak = 1101.539 ; gain = 0.000
Finished Constraint Validation : Time (s): cpu = 00:00:51 ; elapsed = 00:01:04 . Memory (MB): peak = 1101.539 ; gain = 797.020
Finished Loading Part and Timing Information : Time (s): cpu = 00:00:51 ; elapsed = 00:01:04 . Memory (MB): peak = 1101.539 ; gain = 797.020
Finished applying 'set_property' XDC Constraints : Time (s): cpu = 00:00:51 ; elapsed = 00:01:04 . Memory (MB): peak = 1101.539 ; gain = 797.020
Finished RTL Optimization Phase 2 : Time (s): cpu = 00:00:55 ; elapsed = 00:01:08 . Memory (MB): peak = 1101.539 ; gain = 797.020
Finished Cross Boundary and Area Optimization : Time (s): cpu = 00:01:00 ; elapsed = 00:01:15 . Memory (MB): peak = 1101.539 ; gain = 797.020
Finished Applying XDC Timing Constraints : Time (s): cpu = 00:01:26 ; elapsed = 00:01:52 . Memory (MB): peak = 1101.539 ; gain = 797.020
Finished Timing Optimization : Time (s): cpu = 00:01:30 ; elapsed = 00:01:57 . Memory (MB): peak = 1101.539 ; gain = 797.020
Finished Technology Mapping : Time (s): cpu = 00:01:31 ; elapsed = 00:01:58 . Memory (MB): peak = 1101.539 ; gain = 797.020
Finished IO Insertion : Time (s): cpu = 00:01:33 ; elapsed = 00:02:00 . Memory (MB): peak = 1101.539 ; gain = 797.020
Finished Renaming Generated Instances : Time (s): cpu = 00:01:33 ; elapsed = 00:02:00 . Memory (MB): peak = 1101.539 ; gain = 797.020
Finished Rebuilding User Hierarchy : Time (s): cpu = 00:01:33 ; elapsed = 00:02:00 . Memory (MB): peak = 1101.539 ; gain = 797.020
Finished Renaming Generated Ports : Time (s): cpu = 00:01:33 ; elapsed = 00:02:00 . Memory (MB): peak = 1101.539 ; gain = 797.020
Finished Handling Custom Attributes : Time (s): cpu = 00:01:33 ; elapsed = 00:02:00 . Memory (MB): peak = 1101.539 ; gain = 797.020
Finished Renaming Generated Nets : Time (s): cpu = 00:01:33 ; elapsed = 00:02:00 . Memory (MB): peak = 1101.539 ; gain = 797.020

Report Cell Usage: 
+------+--------+------+
|      |Cell    |Count |
+------+--------+------+
|1     |CARRY4  |     8|
|2     |LUT1    |     8|
|3     |LUT2    |    65|
|4     |LUT3    |    34|
|5     |LUT4    |    70|
|6     |LUT5    |    76|
|7     |LUT6    |   187|
|8     |MUXCY_L |     9|
|9     |SRL16E  |    18|
|10    |XORCY   |    12|
|11    |FDR     |    11|
|12    |FDRE    |   312|
|13    |FDSE    |    34|
+------+--------+------+
Finished Writing Synthesis Report : Time (s): cpu = 00:01:33 ; elapsed = 00:02:00 . Memory (MB): peak = 1101.539 ; gain = 797.020
synth_design: Time (s): cpu = 00:01:37 ; elapsed = 00:02:05 . Memory (MB): peak = 1101.539 ; gain = 804.215
