Exception at PC 0x00007FF997569129
Exception at PC 0x00007FF997569129
Exception at PC 0x00007FF997569129
Exception at PC 0x00007FF997569129
Exception at PC 0x00007FF997569129
Exception at PC 0x00007FF997569129
Exception at PC 0x00007FF997569129
Exception at PC 0x00007FF997569129
Exception at PC 0x00007FF997569129
Exception at PC 0x00007FF997569129
Exception at PC 0x00007FF997569129
Exception at PC 0x00007FF997569129
Exception at PC 0x00007FF997569129
Exception at PC 0x00007FF92A481A52
Attemped to write at address 0x00007FF9554CABA4
Printing stacktrace...

[0]  [0x00007FF92A481A52]
[1]  [0x00007FF92A481A52]
[2]  [0x00007FF92A481AD4]
[3]  [0x00007FF92A5C3FF7]
[4]  [0x00007FF92A4A9128]
[5]  [0x00007FF92A75DFB9]
[6]  [0x00007FF92A92EF23]
[7]  [0x00007FF92A83B06B]
[8]  [0x00007FF92A8308AF]
[9]  [0x00007FF92A830A32]
[10] (RtlAnsiStringToUnicodeString+0x297) [0x00007FF99AAE8F07]
[11] (LdrShutdownProcess+0x12c) [0x00007FF99AAE35BC]
[12] (RtlExitUserProcess+0xad) [0x00007FF99AB06DCD]
[13] (ExitProcess+0xa) [0x00007FF99A99D62A]
[14] (exit+0x85) [0x00007FF99893A2E5]
[15] (initterm_e+0x245) [0x00007FF99893A955]
[16]  [0x00000000004014CD]
[17]  [0x000000000040151B]
[18] (BaseThreadInitThunk+0x14) [0x00007FF99A997974]
[19] (RtlUserThreadStart+0x21) [0x00007FF99AB0A271]
Done
