
*** Running vivado
    with args -log zynq_soc_LEDS_8BITS_0.vds -m64 -product Vivado -mode batch -messageDb vivado.pb -notrace -source zynq_soc_LEDS_8BITS_0.tcl

WARNING: Default location for XILINX_VIVADO_HLS not found: 

****** Vivado v2017.2 (64-bit)
  **** SW Build 1909853 on Thu Jun 15 18:39:09 MDT 2017
  **** IP Build 1909766 on Thu Jun 15 19:58:00 MDT 2017
    ** Copyright 1986-2017 Xilinx, Inc. All Rights Reserved.

source zynq_soc_LEDS_8BITS_0.tcl -notrace
Starting RTL Elaboration : Time (s): cpu = 00:00:07 ; elapsed = 00:00:09 . Memory (MB): peak = 384.008 ; gain = 80.457
INFO: [Synth 8-638] synthesizing module 'zynq_soc_LEDS_8BITS_0' [z:/ZEDBOARD/vivado/zynq_soc/ZEDBOARD.srcs/sources_1/bd/zynq_soc/ip/zynq_soc_LEDS_8BITS_0/synth/zynq_soc_LEDS_8BITS_0.vhd:84]
INFO: [Synth 8-638] synthesizing module 'axi_gpio' [z:/ZEDBOARD/vivado/zynq_soc/ZEDBOARD.srcs/sources_1/bd/zynq_soc/ipshared/cb07/hdl/axi_gpio_v2_0_vh_rfs.vhd:1257]
INFO: [Synth 8-638] synthesizing module 'axi_lite_ipif' [z:/ZEDBOARD/vivado/zynq_soc/ZEDBOARD.srcs/sources_1/bd/zynq_soc/ipshared/0ba0/hdl/axi_lite_ipif_v3_0_vh_rfs.vhd:2948]
INFO: [Synth 8-638] synthesizing module 'slave_attachment' [z:/ZEDBOARD/vivado/zynq_soc/ZEDBOARD.srcs/sources_1/bd/zynq_soc/ipshared/0ba0/hdl/axi_lite_ipif_v3_0_vh_rfs.vhd:2341]
INFO: [Synth 8-638] synthesizing module 'address_decoder' [z:/ZEDBOARD/vivado/zynq_soc/ZEDBOARD.srcs/sources_1/bd/zynq_soc/ipshared/0ba0/hdl/axi_lite_ipif_v3_0_vh_rfs.vhd:1775]
INFO: [Synth 8-638] synthesizing module 'pselect_f' [z:/ZEDBOARD/vivado/zynq_soc/ZEDBOARD.srcs/sources_1/bd/zynq_soc/ipshared/0ba0/hdl/axi_lite_ipif_v3_0_vh_rfs.vhd:1534]
INFO: [Synth 8-256] done synthesizing module 'pselect_f' (1#1) [z:/ZEDBOARD/vivado/zynq_soc/ZEDBOARD.srcs/sources_1/bd/zynq_soc/ipshared/0ba0/hdl/axi_lite_ipif_v3_0_vh_rfs.vhd:1534]
INFO: [Synth 8-638] synthesizing module 'pselect_f__parameterized0' [z:/ZEDBOARD/vivado/zynq_soc/ZEDBOARD.srcs/sources_1/bd/zynq_soc/ipshared/0ba0/hdl/axi_lite_ipif_v3_0_vh_rfs.vhd:1534]
INFO: [Synth 8-256] done synthesizing module 'pselect_f__parameterized0' (1#1) [z:/ZEDBOARD/vivado/zynq_soc/ZEDBOARD.srcs/sources_1/bd/zynq_soc/ipshared/0ba0/hdl/axi_lite_ipif_v3_0_vh_rfs.vhd:1534]
INFO: [Synth 8-638] synthesizing module 'pselect_f__parameterized1' [z:/ZEDBOARD/vivado/zynq_soc/ZEDBOARD.srcs/sources_1/bd/zynq_soc/ipshared/0ba0/hdl/axi_lite_ipif_v3_0_vh_rfs.vhd:1534]
INFO: [Synth 8-256] done synthesizing module 'pselect_f__parameterized1' (1#1) [z:/ZEDBOARD/vivado/zynq_soc/ZEDBOARD.srcs/sources_1/bd/zynq_soc/ipshared/0ba0/hdl/axi_lite_ipif_v3_0_vh_rfs.vhd:1534]
INFO: [Synth 8-638] synthesizing module 'pselect_f__parameterized2' [z:/ZEDBOARD/vivado/zynq_soc/ZEDBOARD.srcs/sources_1/bd/zynq_soc/ipshared/0ba0/hdl/axi_lite_ipif_v3_0_vh_rfs.vhd:1534]
INFO: [Synth 8-256] done synthesizing module 'pselect_f__parameterized2' (1#1) [z:/ZEDBOARD/vivado/zynq_soc/ZEDBOARD.srcs/sources_1/bd/zynq_soc/ipshared/0ba0/hdl/axi_lite_ipif_v3_0_vh_rfs.vhd:1534]
INFO: [Synth 8-256] done synthesizing module 'address_decoder' (2#1) [z:/ZEDBOARD/vivado/zynq_soc/ZEDBOARD.srcs/sources_1/bd/zynq_soc/ipshared/0ba0/hdl/axi_lite_ipif_v3_0_vh_rfs.vhd:1775]
INFO: [Synth 8-256] done synthesizing module 'slave_attachment' (3#1) [z:/ZEDBOARD/vivado/zynq_soc/ZEDBOARD.srcs/sources_1/bd/zynq_soc/ipshared/0ba0/hdl/axi_lite_ipif_v3_0_vh_rfs.vhd:2341]
INFO: [Synth 8-256] done synthesizing module 'axi_lite_ipif' (4#1) [z:/ZEDBOARD/vivado/zynq_soc/ZEDBOARD.srcs/sources_1/bd/zynq_soc/ipshared/0ba0/hdl/axi_lite_ipif_v3_0_vh_rfs.vhd:2948]
INFO: [Synth 8-638] synthesizing module 'GPIO_Core' [z:/ZEDBOARD/vivado/zynq_soc/ZEDBOARD.srcs/sources_1/bd/zynq_soc/ipshared/cb07/hdl/axi_gpio_v2_0_vh_rfs.vhd:177]
INFO: [Synth 8-638] synthesizing module 'cdc_sync' [z:/ZEDBOARD/vivado/zynq_soc/ZEDBOARD.srcs/sources_1/bd/zynq_soc/ipshared/52cb/hdl/lib_cdc_v1_0_rfs.vhd:106]
INFO: [Synth 8-256] done synthesizing module 'cdc_sync' (5#1) [z:/ZEDBOARD/vivado/zynq_soc/ZEDBOARD.srcs/sources_1/bd/zynq_soc/ipshared/52cb/hdl/lib_cdc_v1_0_rfs.vhd:106]
INFO: [Synth 8-256] done synthesizing module 'GPIO_Core' (6#1) [z:/ZEDBOARD/vivado/zynq_soc/ZEDBOARD.srcs/sources_1/bd/zynq_soc/ipshared/cb07/hdl/axi_gpio_v2_0_vh_rfs.vhd:177]
INFO: [Synth 8-256] done synthesizing module 'axi_gpio' (7#1) [z:/ZEDBOARD/vivado/zynq_soc/ZEDBOARD.srcs/sources_1/bd/zynq_soc/ipshared/cb07/hdl/axi_gpio_v2_0_vh_rfs.vhd:1257]
INFO: [Synth 8-256] done synthesizing module 'zynq_soc_LEDS_8BITS_0' (8#1) [z:/ZEDBOARD/vivado/zynq_soc/ZEDBOARD.srcs/sources_1/bd/zynq_soc/ip/zynq_soc_LEDS_8BITS_0/synth/zynq_soc_LEDS_8BITS_0.vhd:84]
Finished RTL Elaboration : Time (s): cpu = 00:00:10 ; elapsed = 00:00:12 . Memory (MB): peak = 425.340 ; gain = 121.789
Finished RTL Optimization Phase 1 : Time (s): cpu = 00:00:10 ; elapsed = 00:00:12 . Memory (MB): peak = 425.340 ; gain = 121.789
INFO: [Device 21-403] Loading part xc7z020clg484-1
Constraint Validation Runtime : Time (s): cpu = 00:00:00 ; elapsed = 00:00:00.037 . Memory (MB): peak = 746.297 ; gain = 0.000
Finished Constraint Validation : Time (s): cpu = 00:00:33 ; elapsed = 00:00:37 . Memory (MB): peak = 746.297 ; gain = 442.746
Finished Loading Part and Timing Information : Time (s): cpu = 00:00:33 ; elapsed = 00:00:37 . Memory (MB): peak = 746.297 ; gain = 442.746
Finished applying 'set_property' XDC Constraints : Time (s): cpu = 00:00:33 ; elapsed = 00:00:37 . Memory (MB): peak = 746.297 ; gain = 442.746
Finished RTL Optimization Phase 2 : Time (s): cpu = 00:00:34 ; elapsed = 00:00:37 . Memory (MB): peak = 746.297 ; gain = 442.746
Finished Cross Boundary and Area Optimization : Time (s): cpu = 00:00:35 ; elapsed = 00:00:39 . Memory (MB): peak = 746.297 ; gain = 442.746
Finished Applying XDC Timing Constraints : Time (s): cpu = 00:01:00 ; elapsed = 00:01:07 . Memory (MB): peak = 746.297 ; gain = 442.746
Finished Timing Optimization : Time (s): cpu = 00:01:00 ; elapsed = 00:01:07 . Memory (MB): peak = 746.297 ; gain = 442.746
Finished Technology Mapping : Time (s): cpu = 00:01:00 ; elapsed = 00:01:07 . Memory (MB): peak = 746.297 ; gain = 442.746
Finished IO Insertion : Time (s): cpu = 00:01:02 ; elapsed = 00:01:08 . Memory (MB): peak = 746.297 ; gain = 442.746
Finished Renaming Generated Instances : Time (s): cpu = 00:01:02 ; elapsed = 00:01:08 . Memory (MB): peak = 746.297 ; gain = 442.746
Finished Rebuilding User Hierarchy : Time (s): cpu = 00:01:02 ; elapsed = 00:01:09 . Memory (MB): peak = 746.297 ; gain = 442.746
Finished Renaming Generated Ports : Time (s): cpu = 00:01:02 ; elapsed = 00:01:09 . Memory (MB): peak = 746.297 ; gain = 442.746
Finished Handling Custom Attributes : Time (s): cpu = 00:01:02 ; elapsed = 00:01:09 . Memory (MB): peak = 746.297 ; gain = 442.746
Finished Renaming Generated Nets : Time (s): cpu = 00:01:02 ; elapsed = 00:01:09 . Memory (MB): peak = 746.297 ; gain = 442.746

Report Cell Usage: 
+------+-----+------+
|      |Cell |Count |
+------+-----+------+
|1     |LUT1 |     2|
|2     |LUT2 |     5|
|3     |LUT3 |     4|
|4     |LUT4 |    11|
|5     |LUT5 |    11|
|6     |LUT6 |     6|
|7     |FDRE |    53|
|8     |FDSE |     8|
+------+-----+------+
Finished Writing Synthesis Report : Time (s): cpu = 00:01:02 ; elapsed = 00:01:09 . Memory (MB): peak = 746.297 ; gain = 442.746
synth_design: Time (s): cpu = 00:01:05 ; elapsed = 00:01:12 . Memory (MB): peak = 746.297 ; gain = 451.012
