
*** Running vivado
    with args -log zynq_soc_VIDEO_OUT_0.vds -m64 -product Vivado -mode batch -messageDb vivado.pb -notrace -source zynq_soc_VIDEO_OUT_0.tcl


****** Vivado v2017.2 (64-bit)
  **** SW Build 1909853 on Thu Jun 15 18:39:09 MDT 2017
  **** IP Build 1909766 on Thu Jun 15 19:58:00 MDT 2017
    ** Copyright 1986-2017 Xilinx, Inc. All Rights Reserved.

source zynq_soc_VIDEO_OUT_0.tcl -notrace
create_project: Time (s): cpu = 00:00:02 ; elapsed = 00:00:06 . Memory (MB): peak = 271.863 ; gain = 47.238
Starting RTL Elaboration : Time (s): cpu = 00:00:18 ; elapsed = 00:00:39 . Memory (MB): peak = 378.543 ; gain = 81.922
INFO: [Synth 8-638] synthesizing module 'zynq_soc_VIDEO_OUT_0' [z:/Documents/GitHub/D5MWEB/ZEDBOARD/vivado/zynq_soc/ZEDBOARD.srcs/sources_1/bd/zynq_soc/ip/zynq_soc_VIDEO_OUT_0/synth/zynq_soc_VIDEO_OUT_0.v:58]
INFO: [Synth 8-638] synthesizing module 'v_axi4s_vid_out_v4_0_6' [z:/Documents/GitHub/D5MWEB/ZEDBOARD/vivado/zynq_soc/ZEDBOARD.srcs/sources_1/bd/zynq_soc/ipshared/6e4e/hdl/v_axi4s_vid_out_v4_0_vl_rfs.v:2283]
INFO: [Synth 8-638] synthesizing module 'v_axi4s_vid_out_v4_0_6_coupler' [z:/Documents/GitHub/D5MWEB/ZEDBOARD/vivado/zynq_soc/ZEDBOARD.srcs/sources_1/bd/zynq_soc/ipshared/6e4e/hdl/v_axi4s_vid_out_v4_0_vl_rfs.v:538]
INFO: [Synth 8-638] synthesizing module 'v_axi4s_vid_out_v4_0_6_fifo' [z:/Documents/GitHub/D5MWEB/ZEDBOARD/vivado/zynq_soc/ZEDBOARD.srcs/sources_1/bd/zynq_soc/ipshared/6e4e/hdl/v_axi4s_vid_out_v4_0_vl_rfs.v:59]
INFO: [Synth 8-256] done synthesizing module 'v_axi4s_vid_out_v4_0_6_fifo' (31#1) [z:/Documents/GitHub/D5MWEB/ZEDBOARD/vivado/zynq_soc/ZEDBOARD.srcs/sources_1/bd/zynq_soc/ipshared/6e4e/hdl/v_axi4s_vid_out_v4_0_vl_rfs.v:59]
INFO: [Synth 8-256] done synthesizing module 'v_axi4s_vid_out_v4_0_6_coupler' (32#1) [z:/Documents/GitHub/D5MWEB/ZEDBOARD/vivado/zynq_soc/ZEDBOARD.srcs/sources_1/bd/zynq_soc/ipshared/6e4e/hdl/v_axi4s_vid_out_v4_0_vl_rfs.v:538]
INFO: [Synth 8-638] synthesizing module 'v_axi4s_vid_out_v4_0_6_sync' [z:/Documents/GitHub/D5MWEB/ZEDBOARD/vivado/zynq_soc/ZEDBOARD.srcs/sources_1/bd/zynq_soc/ipshared/6e4e/hdl/v_axi4s_vid_out_v4_0_vl_rfs.v:724]
INFO: [Synth 8-256] done synthesizing module 'v_axi4s_vid_out_v4_0_6_sync' (33#1) [z:/Documents/GitHub/D5MWEB/ZEDBOARD/vivado/zynq_soc/ZEDBOARD.srcs/sources_1/bd/zynq_soc/ipshared/6e4e/hdl/v_axi4s_vid_out_v4_0_vl_rfs.v:724]
INFO: [Synth 8-638] synthesizing module 'v_axi4s_vid_out_v4_0_6_formatter' [z:/Documents/GitHub/D5MWEB/ZEDBOARD/vivado/zynq_soc/ZEDBOARD.srcs/sources_1/bd/zynq_soc/ipshared/6e4e/hdl/v_axi4s_vid_out_v4_0_vl_rfs.v:1355]
INFO: [Synth 8-256] done synthesizing module 'v_axi4s_vid_out_v4_0_6_formatter' (34#1) [z:/Documents/GitHub/D5MWEB/ZEDBOARD/vivado/zynq_soc/ZEDBOARD.srcs/sources_1/bd/zynq_soc/ipshared/6e4e/hdl/v_axi4s_vid_out_v4_0_vl_rfs.v:1355]
INFO: [Synth 8-256] done synthesizing module 'v_axi4s_vid_out_v4_0_6' (35#1) [z:/Documents/GitHub/D5MWEB/ZEDBOARD/vivado/zynq_soc/ZEDBOARD.srcs/sources_1/bd/zynq_soc/ipshared/6e4e/hdl/v_axi4s_vid_out_v4_0_vl_rfs.v:2283]
INFO: [Synth 8-256] done synthesizing module 'zynq_soc_VIDEO_OUT_0' (36#1) [z:/Documents/GitHub/D5MWEB/ZEDBOARD/vivado/zynq_soc/ZEDBOARD.srcs/sources_1/bd/zynq_soc/ip/zynq_soc_VIDEO_OUT_0/synth/zynq_soc_VIDEO_OUT_0.v:58]
Finished RTL Elaboration : Time (s): cpu = 00:02:30 ; elapsed = 00:03:22 . Memory (MB): peak = 597.047 ; gain = 300.426
Finished RTL Optimization Phase 1 : Time (s): cpu = 00:02:30 ; elapsed = 00:03:26 . Memory (MB): peak = 597.047 ; gain = 300.426
INFO: [Device 21-403] Loading part xc7z020clg484-1
Constraint Validation Runtime : Time (s): cpu = 00:00:00 ; elapsed = 00:00:00.157 . Memory (MB): peak = 717.898 ; gain = 0.000
Finished Constraint Validation : Time (s): cpu = 00:02:56 ; elapsed = 00:04:06 . Memory (MB): peak = 717.898 ; gain = 421.277
Finished Loading Part and Timing Information : Time (s): cpu = 00:02:56 ; elapsed = 00:04:06 . Memory (MB): peak = 717.898 ; gain = 421.277
Finished applying 'set_property' XDC Constraints : Time (s): cpu = 00:02:56 ; elapsed = 00:04:06 . Memory (MB): peak = 717.898 ; gain = 421.277
Finished RTL Optimization Phase 2 : Time (s): cpu = 00:02:58 ; elapsed = 00:04:08 . Memory (MB): peak = 717.898 ; gain = 421.277
Finished Cross Boundary and Area Optimization : Time (s): cpu = 00:03:01 ; elapsed = 00:04:13 . Memory (MB): peak = 717.898 ; gain = 421.277
Finished Applying XDC Timing Constraints : Time (s): cpu = 00:03:30 ; elapsed = 00:04:44 . Memory (MB): peak = 717.898 ; gain = 421.277
Finished Timing Optimization : Time (s): cpu = 00:03:31 ; elapsed = 00:04:45 . Memory (MB): peak = 717.898 ; gain = 421.277
Finished Technology Mapping : Time (s): cpu = 00:03:32 ; elapsed = 00:04:46 . Memory (MB): peak = 734.000 ; gain = 437.379
Finished IO Insertion : Time (s): cpu = 00:03:34 ; elapsed = 00:04:48 . Memory (MB): peak = 734.000 ; gain = 437.379
Finished Renaming Generated Instances : Time (s): cpu = 00:03:34 ; elapsed = 00:04:48 . Memory (MB): peak = 734.000 ; gain = 437.379
Finished Rebuilding User Hierarchy : Time (s): cpu = 00:03:34 ; elapsed = 00:04:48 . Memory (MB): peak = 734.000 ; gain = 437.379
Finished Renaming Generated Ports : Time (s): cpu = 00:03:34 ; elapsed = 00:04:48 . Memory (MB): peak = 734.000 ; gain = 437.379
Finished Handling Custom Attributes : Time (s): cpu = 00:03:34 ; elapsed = 00:04:48 . Memory (MB): peak = 734.000 ; gain = 437.379
Finished Renaming Generated Nets : Time (s): cpu = 00:03:34 ; elapsed = 00:04:48 . Memory (MB): peak = 734.000 ; gain = 437.379

Report Cell Usage: 
+------+---------+------+
|      |Cell     |Count |
+------+---------+------+
|1     |CARRY4   |    23|
|2     |LUT1     |    62|
|3     |LUT2     |    58|
|4     |LUT3     |    26|
|5     |LUT4     |    73|
|6     |LUT5     |    36|
|7     |LUT6     |    52|
|8     |MUXCY    |    20|
|9     |MUXF7    |     2|
|10    |RAMB36E1 |     1|
|11    |FDCE     |   139|
|12    |FDPE     |    27|
|13    |FDRE     |   172|
|14    |FDSE     |     2|
+------+---------+------+
Finished Writing Synthesis Report : Time (s): cpu = 00:03:34 ; elapsed = 00:04:48 . Memory (MB): peak = 734.000 ; gain = 437.379
synth_design: Time (s): cpu = 00:03:38 ; elapsed = 00:04:57 . Memory (MB): peak = 737.484 ; gain = 444.422
write_checkpoint: Time (s): cpu = 00:00:00 ; elapsed = 00:00:06 . Memory (MB): peak = 737.484 ; gain = 0.000
config_ip_cache: Time (s): cpu = 00:00:00 ; elapsed = 00:00:06 . Memory (MB): peak = 737.484 ; gain = 0.000
write_checkpoint: Time (s): cpu = 00:00:00 ; elapsed = 00:00:07 . Memory (MB): peak = 737.484 ; gain = 0.000
