#-----------------------------------------------------------
# xsim v2017.2_sdx (64-bit)
# SW Build 1972098 on Wed Aug 23 11:34:46 MDT 2017
# IP Build 1971916 on Wed Aug 23 13:11:02 MDT 2017
# Start of session at: Sun Jun  9 19:18:52 2019
# Process ID: 2868
# Current directory: Z:/sim/sobelCgain/xsim
# Command line: xsim.exe -log simulate.log -mode tcl -source {xsim.dir/videoProcess_tb/xsim_script.tcl}
# Log file: Z:/sim/sobelCgain/xsim/simulate.log
# Journal file: Z:/sim/sobelCgain/xsim\xsim.jou
#-----------------------------------------------------------
INFO: [Common 17-1460] Use of init.tcl in C:/Xilinx/SDx/2017.2/Vivado/scripts/init.tcl is deprecated. Please use xsim_init.tcl 
Sourcing tcl script 'C:/Xilinx/SDx/2017.2/Vivado/scripts/init.tcl'
Loaded SDSoC Platform Tcl Library
source xsim.dir/videoProcess_tb/xsim_script.tcl
# xsim {videoProcess_tb} -autoloadwcfg -tclbatch {cmd.tcl} -key {Behavioral:sim_1:Functional:videoProcess_tb}
Vivado Simulator 2017.1
Time resolution is 1 ps
source cmd.tcl
## set curr_wave [current_wave_config]
## if { [string length $curr_wave] == 0 } {
##   if { [llength [get_objects]] > 0} {
##     add_wave /
##     set_property needs_save false [current_wave_config]
##   } else {
##      send_msg_id Add_Wave-1 WARNING "No top level signals found. Simulator will start without a wave window. If you want to open a wave window go to 'File->New Waveform Configuration' or type 'create_wave_config' in the TCL console."
##   }
## }
## run -all
Note: 
******************************************************
  renorm_and_round_logic.vhd :
    FULL_MANT_RND1_DEL is using fast_input
    which will be faster, but create more FFs.
******************************************************
Time: 0 ps  Iteration: 0
Failure: simulation ended
Time: 123224 ns  Iteration: 0  Process: /videoProcess_tb/filters_test_enabled/m_sob_cga_test_enabled/ImageWriteCgainToshpSBInst/ImageFrameP  File: Z:/sim/sobelCgain/xsim/srcs/imageWrite.vhd
$finish called at time : 123224 ns
run: Time (s): cpu = 00:00:00 ; elapsed = 00:51:02 . Memory (MB): peak = 220.004 ; gain = 0.000
## quit
INFO: [Common 17-206] Exiting xsim at Sun Jun  9 20:10:03 2019...
