Exception at PC 0x00007FFC91359129
Exception at PC 0x00007FFC91359129
Exception at PC 0x00007FFC91359129
Exception at PC 0x00007FFC91359129
Exception at PC 0x00007FFC91359129
Exception at PC 0x00007FFC91359129
Exception at PC 0x00007FFC91359129
Exception at PC 0x00007FFC91359129
Exception at PC 0x00007FFC91359129
Exception at PC 0x00007FFC91359129
Exception at PC 0x00007FFC91359129
Exception at PC 0x00007FFC91359129
Exception at PC 0x00007FFC91359129
Exception at PC 0x00007FFC0AE51A52
Attemped to write at address 0x00007FFC725EABA4
Printing stacktrace...

[0]  [0x00007FFC0AE51A52]
[1]  [0x00007FFC0AE51A52]
[2]  [0x00007FFC0AE51AD4]
[3]  [0x00007FFC0AF93FF7]
[4]  [0x00007FFC0AE79128]
[5]  [0x00007FFC0B12DFB9]
[6]  [0x00007FFC0B2FEF23]
[7]  [0x00007FFC0B20B06B]
[8]  [0x00007FFC0B2008AF]
[9]  [0x00007FFC0B200A32]
[10] (RtlAnsiStringToUnicodeString+0x297) [0x00007FFC948F8F07]
[11] (LdrShutdownProcess+0x12c) [0x00007FFC948F35BC]
[12] (RtlExitUserProcess+0xad) [0x00007FFC94916DCD]
[13] (ExitProcess+0xa) [0x00007FFC92ADD62A]
[14] (exit+0x85) [0x00007FFC9430A2E5]
[15] (initterm_e+0x245) [0x00007FFC9430A955]
[16]  [0x00000000004014CD]
[17]  [0x000000000040151B]
[18] (BaseThreadInitThunk+0x14) [0x00007FFC92AD7974]
[19] (RtlUserThreadStart+0x21) [0x00007FFC9491A271]
Done
