
*** Running vivado
    with args -log zynq_soc_PS7_0.vds -m64 -product Vivado -mode batch -messageDb vivado.pb -notrace -source zynq_soc_PS7_0.tcl

WARNING: Default location for XILINX_VIVADO_HLS not found: 

****** Vivado v2017.2 (64-bit)
  **** SW Build 1909853 on Thu Jun 15 18:39:09 MDT 2017
  **** IP Build 1909766 on Thu Jun 15 19:58:00 MDT 2017
    ** Copyright 1986-2017 Xilinx, Inc. All Rights Reserved.

source zynq_soc_PS7_0.tcl -notrace
Starting RTL Elaboration : Time (s): cpu = 00:00:08 ; elapsed = 00:00:09 . Memory (MB): peak = 386.453 ; gain = 80.867
INFO: [Synth 8-638] synthesizing module 'zynq_soc_PS7_0' [z:/ZEDBOARD/vivado/zynq_soc/ZEDBOARD.srcs/sources_1/bd/zynq_soc/ip/zynq_soc_PS7_0/synth/zynq_soc_PS7_0.v:59]
INFO: [Synth 8-638] synthesizing module 'processing_system7_v5_5_processing_system7' [z:/ZEDBOARD/vivado/zynq_soc/ZEDBOARD.srcs/sources_1/bd/zynq_soc/ip/zynq_soc_PS7_0/hdl/verilog/processing_system7_v5_5_processing_system7.v:161]
INFO: [Synth 8-638] synthesizing module 'BUFG' [C:/Xilinx/Vivado/2017.2/scripts/rt/data/unisim_comp.v:607]
INFO: [Synth 8-256] done synthesizing module 'BUFG' (1#1) [C:/Xilinx/Vivado/2017.2/scripts/rt/data/unisim_comp.v:607]
INFO: [Synth 8-638] synthesizing module 'BIBUF' [C:/Xilinx/Vivado/2017.2/scripts/rt/data/unisim_comp.v:268]
INFO: [Synth 8-256] done synthesizing module 'BIBUF' (2#1) [C:/Xilinx/Vivado/2017.2/scripts/rt/data/unisim_comp.v:268]
INFO: [Synth 8-638] synthesizing module 'PS7' [C:/Xilinx/Vivado/2017.2/scripts/rt/data/unisim_comp.v:33527]
INFO: [Synth 8-256] done synthesizing module 'PS7' (3#1) [C:/Xilinx/Vivado/2017.2/scripts/rt/data/unisim_comp.v:33527]
INFO: [Synth 8-256] done synthesizing module 'processing_system7_v5_5_processing_system7' (4#1) [z:/ZEDBOARD/vivado/zynq_soc/ZEDBOARD.srcs/sources_1/bd/zynq_soc/ip/zynq_soc_PS7_0/hdl/verilog/processing_system7_v5_5_processing_system7.v:161]
INFO: [Synth 8-256] done synthesizing module 'zynq_soc_PS7_0' (5#1) [z:/ZEDBOARD/vivado/zynq_soc/ZEDBOARD.srcs/sources_1/bd/zynq_soc/ip/zynq_soc_PS7_0/synth/zynq_soc_PS7_0.v:59]
Finished RTL Elaboration : Time (s): cpu = 00:00:11 ; elapsed = 00:00:12 . Memory (MB): peak = 427.535 ; gain = 121.949
Finished RTL Optimization Phase 1 : Time (s): cpu = 00:00:11 ; elapsed = 00:00:12 . Memory (MB): peak = 427.535 ; gain = 121.949
INFO: [Device 21-403] Loading part xc7z020clg484-1
Constraint Validation Runtime : Time (s): cpu = 00:00:00 ; elapsed = 00:00:00.072 . Memory (MB): peak = 670.000 ; gain = 0.000
Finished Constraint Validation : Time (s): cpu = 00:00:36 ; elapsed = 00:00:40 . Memory (MB): peak = 670.000 ; gain = 364.414
Finished Loading Part and Timing Information : Time (s): cpu = 00:00:36 ; elapsed = 00:00:40 . Memory (MB): peak = 670.000 ; gain = 364.414
Finished applying 'set_property' XDC Constraints : Time (s): cpu = 00:00:37 ; elapsed = 00:00:41 . Memory (MB): peak = 670.000 ; gain = 364.414
Finished RTL Optimization Phase 2 : Time (s): cpu = 00:00:38 ; elapsed = 00:00:43 . Memory (MB): peak = 670.000 ; gain = 364.414
Finished Cross Boundary and Area Optimization : Time (s): cpu = 00:00:39 ; elapsed = 00:00:44 . Memory (MB): peak = 670.000 ; gain = 364.414
Finished Applying XDC Timing Constraints : Time (s): cpu = 00:01:05 ; elapsed = 00:01:12 . Memory (MB): peak = 878.719 ; gain = 573.133
Finished Timing Optimization : Time (s): cpu = 00:01:05 ; elapsed = 00:01:12 . Memory (MB): peak = 894.813 ; gain = 589.227
Finished Technology Mapping : Time (s): cpu = 00:01:08 ; elapsed = 00:01:15 . Memory (MB): peak = 896.875 ; gain = 591.289
Finished IO Insertion : Time (s): cpu = 00:01:12 ; elapsed = 00:01:19 . Memory (MB): peak = 896.875 ; gain = 591.289
Finished Renaming Generated Instances : Time (s): cpu = 00:01:12 ; elapsed = 00:01:19 . Memory (MB): peak = 896.875 ; gain = 591.289
Finished Rebuilding User Hierarchy : Time (s): cpu = 00:01:12 ; elapsed = 00:01:19 . Memory (MB): peak = 896.875 ; gain = 591.289
Finished Renaming Generated Ports : Time (s): cpu = 00:01:12 ; elapsed = 00:01:19 . Memory (MB): peak = 896.875 ; gain = 591.289
Finished Handling Custom Attributes : Time (s): cpu = 00:01:12 ; elapsed = 00:01:19 . Memory (MB): peak = 896.875 ; gain = 591.289
Finished Renaming Generated Nets : Time (s): cpu = 00:01:12 ; elapsed = 00:01:19 . Memory (MB): peak = 896.875 ; gain = 591.289

Report Cell Usage: 
+------+------+------+
|      |Cell  |Count |
+------+------+------+
|1     |BIBUF |   130|
|2     |BUFG  |     3|
|3     |LUT1  |   112|
|4     |PS7   |     1|
+------+------+------+
Finished Writing Synthesis Report : Time (s): cpu = 00:01:12 ; elapsed = 00:01:19 . Memory (MB): peak = 896.875 ; gain = 591.289
synth_design: Time (s): cpu = 00:01:16 ; elapsed = 00:01:24 . Memory (MB): peak = 912.410 ; gain = 610.453
