00:15:59 INFO  : Registering command handlers for SDK TCF services
00:16:00 INFO  : Launching XSCT server: xsct.bat -interactive Z:\ZEDBOARD\workspace\sdk\temp_xsdb_launch_script.tcl
00:16:04 INFO  : XSCT server has started successfully.
00:16:05 INFO  : Successfully done setting XSCT server connection channel  
00:16:05 INFO  : Successfully done setting SDK workspace  
00:16:05 INFO  : Processing command line option -hwspec Z:/ZEDBOARD/workspace/sdk/ZEDBOARD.hdf.
00:16:05 INFO  : Processing command line option -lp Z:/ZEDBOARD/sw_lib.
00:16:05 INFO  : Adding 'Z:/ZEDBOARD/sw_lib' as a new local repository.
00:20:31 INFO  : Inferring section assignments and sizes from elf file: Z:\ZEDBOARD\workspace\sdk\vfpWebCamera\Debug\vfpWebCamera.elf
00:20:47 INFO  : Successfully generated Z:\ZEDBOARD\workspace\sdk\vfpWebCamera\src\lscript.ld.
00:20:47 INFO  : Applying linker script to all configurations of project vfpWebCamera.
00:20:47 INFO  : Setting rebuild state to true for all configurations of project vfpWebCamera.
00:22:15 INFO  : Invoking Bootgen: bootgen -image vfpWebCamera.bif -arch zynq -o Z:\ZEDBOARD\workspace\sdk\vfpWebCamera\bootimage\BOOT.bin -w on
00:22:17 INFO  : Bootgen command execution is done.
17:37:18 INFO  : Registering command handlers for SDK TCF services
17:37:19 INFO  : Launching XSCT server: xsct.bat -interactive Z:\ZEDBOARD\workspace\sdk\temp_xsdb_launch_script.tcl
17:37:23 INFO  : XSCT server has started successfully.
17:37:23 INFO  : Successfully done setting XSCT server connection channel  
17:37:23 INFO  : Successfully done setting SDK workspace  
17:37:23 INFO  : Restoring local repository preferences: 
		 Z:/ZEDBOARD/sw_lib
17:37:23 INFO  : Processing command line option -hwspec Z:/ZEDBOARD/workspace/sdk/ZEDBOARD.hdf.
17:37:23 INFO  : Checking for hwspec changes in the project ZEDBOARD_hw_platform_0.
17:37:24 INFO  : Processing command line option -lp Z:/ZEDBOARD/sw_lib.
18:28:50 INFO  : Inferring section assignments and sizes from elf file: Z:\ZEDBOARD\workspace\sdk\vfpWebCamera\Debug\vfpWebCamera.elf
18:28:53 INFO  : Successfully generated Z:\ZEDBOARD\workspace\sdk\vfpWebCamera\src\lscript.ld.
18:28:53 INFO  : Applying linker script to all configurations of project vfpWebCamera.
18:28:53 INFO  : Setting rebuild state to true for all configurations of project vfpWebCamera.
19:13:06 INFO  : Invoking Bootgen: bootgen -image vfpWebCamera.bif -arch zynq -o Z:\ZEDBOARD\workspace\sdk\vfpWebCamera\bootimage\BOOT.bin -w on
19:13:08 INFO  : Bootgen command execution is done.
19:44:21 INFO  : Registering command handlers for SDK TCF services
19:44:22 INFO  : Launching XSCT server: xsct.bat -interactive Z:\ZEDBOARD\workspace\sdk\temp_xsdb_launch_script.tcl
19:44:25 INFO  : XSCT server has started successfully.
19:44:27 INFO  : Successfully done setting XSCT server connection channel  
19:44:27 INFO  : Successfully done setting SDK workspace  
19:44:27 INFO  : Restoring local repository preferences: 
		 Z:/ZEDBOARD/sw_lib
19:44:27 INFO  : Processing command line option -hwspec Z:/ZEDBOARD/workspace/sdk/ZEDBOARD.hdf.
19:44:27 INFO  : Checking for hwspec changes in the project ZEDBOARD_hw_platform_0.
19:44:27 INFO  : Processing command line option -lp Z:/ZEDBOARD/sw_lib.
19:53:02 INFO  : Inferring section assignments and sizes from elf file: Z:\ZEDBOARD\workspace\sdk\vfpWebCamera\Debug\vfpWebCamera.elf
19:53:04 INFO  : Successfully generated Z:\ZEDBOARD\workspace\sdk\vfpWebCamera\src\lscript.ld.
19:53:04 INFO  : Applying linker script to all configurations of project vfpWebCamera.
19:53:04 INFO  : Setting rebuild state to true for all configurations of project vfpWebCamera.
19:54:46 INFO  : Invoking Bootgen: bootgen -image vfpWebCamera.bif -arch zynq -o Z:\ZEDBOARD\workspace\sdk\vfpWebCamera\bootimage\BOOT.bin -w on
19:54:48 INFO  : Bootgen command execution is done.
