Exception at PC 0x00007FFD9C10A839
Exception at PC 0x00007FFD9C10A839
Exception at PC 0x00007FFD9C10A839
Exception at PC 0x00007FFD9C10A839
Exception at PC 0x00007FFD9C10A839
Exception at PC 0x00007FFD9C10A839
Exception at PC 0x00007FFD9C10A839
Exception at PC 0x00007FFD9C10A839
Exception at PC 0x00007FFD9C10A839
Exception at PC 0x00007FFD9C10A839
Exception at PC 0x00007FFD9C10A839
Exception at PC 0x00007FFD9C10A839
Exception at PC 0x00007FFD9C10A839
Exception at PC 0x00007FFD56861A52
Attemped to write at address 0x00007FFD3851ABA4
Printing stacktrace...

[0]  [0x00007FFD56861A52]
[1]  [0x00007FFD56861A52]
[2]  [0x00007FFD56861AD4]
[3]  [0x00007FFD569A3FF7]
[4]  [0x00007FFD56889128]
[5]  [0x00007FFD56B3DFB9]
[6]  [0x00007FFD56D0EF23]
[7]  [0x00007FFD56C1B06B]
[8]  [0x00007FFD56C108AF]
[9]  [0x00007FFD56C10A32]
[10] (RtlActivateActivationContextUnsafeFast+0x121) [0x00007FFD9E3250A1]
[11] (LdrShutdownProcess+0x132) [0x00007FFD9E36AB12]
[12] (RtlExitUserProcess+0xad) [0x00007FFD9E36A9BD]
[13] (ExitProcess+0xa) [0x00007FFD9CDECD8A]
[14] (exit+0x85) [0x00007FFD9D8CA245]
[15] (initterm_e+0x245) [0x00007FFD9D8CA8B5]
[16]  [0x00000000004014CD]
[17]  [0x000000000040151B]
[18] (BaseThreadInitThunk+0x14) [0x00007FFD9CDE7BD4]
[19] (RtlUserThreadStart+0x21) [0x00007FFD9E36CEE1]
Done
