
*** Running vivado
    with args -log zynq_soc_TIMMING_CONTROLELR_0.vds -m64 -product Vivado -mode batch -messageDb vivado.pb -notrace -source zynq_soc_TIMMING_CONTROLELR_0.tcl

WARNING: Default location for XILINX_VIVADO_HLS not found: 

****** Vivado v2017.2 (64-bit)
  **** SW Build 1909853 on Thu Jun 15 18:39:09 MDT 2017
  **** IP Build 1909766 on Thu Jun 15 19:58:00 MDT 2017
    ** Copyright 1986-2017 Xilinx, Inc. All Rights Reserved.

source zynq_soc_TIMMING_CONTROLELR_0.tcl -notrace
Starting RTL Elaboration : Time (s): cpu = 00:00:09 ; elapsed = 00:00:10 . Memory (MB): peak = 375.156 ; gain = 79.168
INFO: [Synth 8-638] synthesizing module 'zynq_soc_TIMMING_CONTROLELR_0' [z:/ZEDBOARD/vivado/zynq_soc/ZEDBOARD.srcs/sources_1/bd/zynq_soc/ip/zynq_soc_TIMMING_CONTROLELR_0/synth/zynq_soc_TIMMING_CONTROLELR_0.vhd:96]
INFO: [Synth 8-638] synthesizing module 'axi_lite_ipif' [z:/ZEDBOARD/vivado/zynq_soc/ZEDBOARD.srcs/sources_1/bd/zynq_soc/ipshared/0ba0/hdl/axi_lite_ipif_v3_0_vh_rfs.vhd:2948]
INFO: [Synth 8-638] synthesizing module 'slave_attachment' [z:/ZEDBOARD/vivado/zynq_soc/ZEDBOARD.srcs/sources_1/bd/zynq_soc/ipshared/0ba0/hdl/axi_lite_ipif_v3_0_vh_rfs.vhd:2341]
INFO: [Synth 8-638] synthesizing module 'address_decoder' [z:/ZEDBOARD/vivado/zynq_soc/ZEDBOARD.srcs/sources_1/bd/zynq_soc/ipshared/0ba0/hdl/axi_lite_ipif_v3_0_vh_rfs.vhd:1775]
INFO: [Synth 8-638] synthesizing module 'pselect_f' [z:/ZEDBOARD/vivado/zynq_soc/ZEDBOARD.srcs/sources_1/bd/zynq_soc/ipshared/0ba0/hdl/axi_lite_ipif_v3_0_vh_rfs.vhd:1534]
INFO: [Synth 8-256] done synthesizing module 'pselect_f' (1#1) [z:/ZEDBOARD/vivado/zynq_soc/ZEDBOARD.srcs/sources_1/bd/zynq_soc/ipshared/0ba0/hdl/axi_lite_ipif_v3_0_vh_rfs.vhd:1534]
INFO: [Synth 8-638] synthesizing module 'pselect_f__parameterized0' [z:/ZEDBOARD/vivado/zynq_soc/ZEDBOARD.srcs/sources_1/bd/zynq_soc/ipshared/0ba0/hdl/axi_lite_ipif_v3_0_vh_rfs.vhd:1534]
INFO: [Synth 8-256] done synthesizing module 'pselect_f__parameterized0' (1#1) [z:/ZEDBOARD/vivado/zynq_soc/ZEDBOARD.srcs/sources_1/bd/zynq_soc/ipshared/0ba0/hdl/axi_lite_ipif_v3_0_vh_rfs.vhd:1534]
INFO: [Synth 8-256] done synthesizing module 'address_decoder' (2#1) [z:/ZEDBOARD/vivado/zynq_soc/ZEDBOARD.srcs/sources_1/bd/zynq_soc/ipshared/0ba0/hdl/axi_lite_ipif_v3_0_vh_rfs.vhd:1775]
INFO: [Synth 8-256] done synthesizing module 'slave_attachment' (3#1) [z:/ZEDBOARD/vivado/zynq_soc/ZEDBOARD.srcs/sources_1/bd/zynq_soc/ipshared/0ba0/hdl/axi_lite_ipif_v3_0_vh_rfs.vhd:2341]
INFO: [Synth 8-256] done synthesizing module 'axi_lite_ipif' (4#1) [z:/ZEDBOARD/vivado/zynq_soc/ZEDBOARD.srcs/sources_1/bd/zynq_soc/ipshared/0ba0/hdl/axi_lite_ipif_v3_0_vh_rfs.vhd:2948]
INFO: [Synth 8-256] done synthesizing module 'zynq_soc_TIMMING_CONTROLELR_0' (11#1) [z:/ZEDBOARD/vivado/zynq_soc/ZEDBOARD.srcs/sources_1/bd/zynq_soc/ip/zynq_soc_TIMMING_CONTROLELR_0/synth/zynq_soc_TIMMING_CONTROLELR_0.vhd:96]
Finished RTL Elaboration : Time (s): cpu = 00:00:24 ; elapsed = 00:00:27 . Memory (MB): peak = 537.555 ; gain = 241.566
Finished RTL Optimization Phase 1 : Time (s): cpu = 00:00:25 ; elapsed = 00:00:28 . Memory (MB): peak = 537.555 ; gain = 241.566
INFO: [Device 21-403] Loading part xc7z020clg484-1
Constraint Validation Runtime : Time (s): cpu = 00:00:00 ; elapsed = 00:00:00.160 . Memory (MB): peak = 1123.199 ; gain = 0.000
Finished Constraint Validation : Time (s): cpu = 00:01:07 ; elapsed = 00:01:15 . Memory (MB): peak = 1123.199 ; gain = 827.211
Finished Loading Part and Timing Information : Time (s): cpu = 00:01:07 ; elapsed = 00:01:15 . Memory (MB): peak = 1123.199 ; gain = 827.211
Finished applying 'set_property' XDC Constraints : Time (s): cpu = 00:01:07 ; elapsed = 00:01:15 . Memory (MB): peak = 1123.199 ; gain = 827.211
Finished RTL Optimization Phase 2 : Time (s): cpu = 00:01:14 ; elapsed = 00:01:24 . Memory (MB): peak = 1123.199 ; gain = 827.211
Finished Cross Boundary and Area Optimization : Time (s): cpu = 00:01:29 ; elapsed = 00:01:40 . Memory (MB): peak = 1123.199 ; gain = 827.211
Finished Applying XDC Timing Constraints : Time (s): cpu = 00:01:56 ; elapsed = 00:02:09 . Memory (MB): peak = 1123.199 ; gain = 827.211
Finished Timing Optimization : Time (s): cpu = 00:01:58 ; elapsed = 00:02:11 . Memory (MB): peak = 1123.199 ; gain = 827.211
Finished Technology Mapping : Time (s): cpu = 00:02:02 ; elapsed = 00:02:16 . Memory (MB): peak = 1123.199 ; gain = 827.211
Finished IO Insertion : Time (s): cpu = 00:02:04 ; elapsed = 00:02:18 . Memory (MB): peak = 1123.199 ; gain = 827.211
Finished Renaming Generated Instances : Time (s): cpu = 00:02:04 ; elapsed = 00:02:18 . Memory (MB): peak = 1123.199 ; gain = 827.211
Finished Rebuilding User Hierarchy : Time (s): cpu = 00:02:05 ; elapsed = 00:02:19 . Memory (MB): peak = 1123.199 ; gain = 827.211
Finished Renaming Generated Ports : Time (s): cpu = 00:02:05 ; elapsed = 00:02:19 . Memory (MB): peak = 1123.199 ; gain = 827.211
Finished Handling Custom Attributes : Time (s): cpu = 00:02:06 ; elapsed = 00:02:19 . Memory (MB): peak = 1123.199 ; gain = 827.211
Finished Renaming Generated Nets : Time (s): cpu = 00:02:06 ; elapsed = 00:02:19 . Memory (MB): peak = 1123.199 ; gain = 827.211

Report Cell Usage: 
+------+-------+------+
|      |Cell   |Count |
+------+-------+------+
|1     |CARRY4 |    31|
|2     |LUT1   |    84|
|3     |LUT2   |    47|
|4     |LUT3   |   540|
|5     |LUT4   |    78|
|6     |LUT5   |    99|
|7     |LUT6   |   424|
|8     |MUXF7  |   134|
|9     |SRL16E |     6|
|10    |FDRE   |  2736|
|11    |FDSE   |   188|
+------+-------+------+
Finished Writing Synthesis Report : Time (s): cpu = 00:02:06 ; elapsed = 00:02:19 . Memory (MB): peak = 1123.199 ; gain = 827.211
synth_design: Time (s): cpu = 00:02:10 ; elapsed = 00:02:27 . Memory (MB): peak = 1123.199 ; gain = 828.336
