INFO: [VRFC 10-163] Analyzing VHDL file "z:/zedboard/doc/ipmanager/ip_user_files/VFP_1.0/src/divider/sim/div_gen_0.vhd" into library xil_defaultlib
INFO: [VRFC 10-307] analyzing entity div_gen_0
INFO: [VRFC 10-163] Analyzing VHDL file "z:/zedboard/doc/ipmanager/ip_user_files/VFP_1.0/src/squareRoot/sim/squareRoot.vhd" into library xil_defaultlib
INFO: [VRFC 10-307] analyzing entity squareRoot
INFO: [VRFC 10-163] Analyzing VHDL file "z:/zedboard/doc/ipmanager/ip_user_files/VFP_1.0/src/constantspackage.vhd" into library xil_defaultlib
INFO: [VRFC 10-163] Analyzing VHDL file "z:/zedboard/doc/ipmanager/ip_user_files/VFP_1.0/src/float_and_fixed_pkg/fixed_float_types_c.vhd" into library xil_defaultlib
INFO: [VRFC 10-163] Analyzing VHDL file "z:/zedboard/doc/ipmanager/ip_user_files/VFP_1.0/src/float_and_fixed_pkg/fixed_pkg_c.vhd" into library xil_defaultlib
INFO: [VRFC 10-163] Analyzing VHDL file "z:/zedboard/doc/ipmanager/ip_user_files/VFP_1.0/src/float_and_fixed_pkg/float_pkg_c.vhd" into library xil_defaultlib
INFO: [VRFC 10-163] Analyzing VHDL file "z:/zedboard/doc/ipmanager/ip_user_files/VFP_1.0/src/vpfRecords.vhd" into library xil_defaultlib
INFO: [VRFC 10-163] Analyzing VHDL file "z:/zedboard/doc/ipmanager/ip_user_files/VFP_1.0/src/portspackage.vhd" into library xil_defaultlib
INFO: [VRFC 10-163] Analyzing VHDL file "z:/zedboard/doc/ipmanager/ip_user_files/VFP_1.0/src/blurFilter.vhd" into library xil_defaultlib
INFO: [VRFC 10-307] analyzing entity blurFilter
INFO: [VRFC 10-163] Analyzing VHDL file "z:/zedboard/doc/ipmanager/ip_user_files/VFP_1.0/src/blurMac.vhd" into library xil_defaultlib
INFO: [VRFC 10-307] analyzing entity blurMac
INFO: [VRFC 10-163] Analyzing VHDL file "z:/zedboard/doc/ipmanager/ip_user_files/VFP_1.0/src/buffer_controller.vhd" into library xil_defaultlib
INFO: [VRFC 10-307] analyzing entity buffer_controller
INFO: [VRFC 10-163] Analyzing VHDL file "z:/zedboard/doc/ipmanager/ip_user_files/VFP_1.0/src/colorCorrection.vhd" into library xil_defaultlib
INFO: [VRFC 10-307] analyzing entity colorCorrection
INFO: [VRFC 10-163] Analyzing VHDL file "z:/zedboard/doc/ipmanager/ip_user_files/VFP_1.0/src/d5m_raw_data.vhd" into library xil_defaultlib
INFO: [VRFC 10-307] analyzing entity d5m_raw_data
INFO: [VRFC 10-163] Analyzing VHDL file "z:/zedboard/doc/ipmanager/ip_user_files/VFP_1.0/src/dataTaps.vhd" into library xil_defaultlib
INFO: [VRFC 10-307] analyzing entity dataTaps
INFO: [VRFC 10-163] Analyzing VHDL file "z:/zedboard/doc/ipmanager/ip_user_files/VFP_1.0/src/detect.vhd" into library xil_defaultlib
INFO: [VRFC 10-307] analyzing entity detect
INFO: [VRFC 10-163] Analyzing VHDL file "z:/zedboard/doc/ipmanager/ip_user_files/VFP_1.0/src/digiClk.vhd" into library xil_defaultlib
INFO: [VRFC 10-307] analyzing entity digiClk
INFO: [VRFC 10-163] Analyzing VHDL file "z:/zedboard/doc/ipmanager/ip_user_files/VFP_1.0/src/divider.vhd" into library xil_defaultlib
INFO: [VRFC 10-307] analyzing entity divider
INFO: [VRFC 10-163] Analyzing VHDL file "z:/zedboard/doc/ipmanager/ip_user_files/VFP_1.0/tb/dutPortsPackage.vhd" into library xil_defaultlib
INFO: [VRFC 10-163] Analyzing VHDL file "z:/zedboard/doc/ipmanager/ip_user_files/VFP_1.0/tb/tbPackage.vhd" into library xil_defaultlib
INFO: [VRFC 10-163] Analyzing VHDL file "z:/zedboard/doc/ipmanager/ip_user_files/VFP_1.0/tb/dut_configAxis.vhd" into library xil_defaultlib
INFO: [VRFC 10-307] analyzing entity dut_configAxis
INFO: [VRFC 10-163] Analyzing VHDL file "z:/zedboard/doc/ipmanager/ip_user_files/VFP_1.0/tb/dut_d5m.vhd" into library xil_defaultlib
INFO: [VRFC 10-307] analyzing entity dut_d5m
INFO: [VRFC 10-163] Analyzing VHDL file "z:/zedboard/doc/ipmanager/ip_user_files/VFP_1.0/tb/dut_frameProcess.vhd" into library xil_defaultlib
INFO: [VRFC 10-307] analyzing entity dut_frameProcess
INFO: [VRFC 10-163] Analyzing VHDL file "z:/zedboard/doc/ipmanager/ip_user_files/VFP_1.0/src/frameProcess.vhd" into library xil_defaultlib
INFO: [VRFC 10-307] analyzing entity frameProcess
INFO: [VRFC 10-163] Analyzing VHDL file "z:/zedboard/doc/ipmanager/ip_user_files/VFP_1.0/src/frameTestPattern.vhd" into library xil_defaultlib
INFO: [VRFC 10-307] analyzing entity frameTestPattern
INFO: [VRFC 10-163] Analyzing VHDL file "z:/zedboard/doc/ipmanager/ip_user_files/VFP_1.0/src/gridLockFifo.vhd" into library xil_defaultlib
INFO: [VRFC 10-307] analyzing entity gridLockFifo
INFO: [VRFC 10-163] Analyzing VHDL file "z:/zedboard/doc/ipmanager/ip_user_files/VFP_1.0/src/hsv.vhd" into library xil_defaultlib
INFO: [VRFC 10-307] analyzing entity hsv_c
INFO: [VRFC 10-163] Analyzing VHDL file "z:/zedboard/doc/ipmanager/ip_user_files/VFP_1.0/tb/imageRead.vhd" into library xil_defaultlib
INFO: [VRFC 10-307] analyzing entity imageRead
INFO: [VRFC 10-163] Analyzing VHDL file "z:/zedboard/doc/ipmanager/ip_user_files/VFP_1.0/tb/imageWrite.vhd" into library xil_defaultlib
INFO: [VRFC 10-307] analyzing entity imageWrite
INFO: [VRFC 10-163] Analyzing VHDL file "z:/zedboard/doc/ipmanager/ip_user_files/VFP_1.0/src/mWrRd.vhd" into library xil_defaultlib
INFO: [VRFC 10-307] analyzing entity mWrRd
INFO: [VRFC 10-163] Analyzing VHDL file "z:/zedboard/doc/ipmanager/ip_user_files/VFP_1.0/src/pointOfInterest.vhd" into library xil_defaultlib
INFO: [VRFC 10-307] analyzing entity pointOfInterest
INFO: [VRFC 10-163] Analyzing VHDL file "z:/zedboard/doc/ipmanager/ip_user_files/VFP_1.0/src/raw2rgb.vhd" into library xil_defaultlib
INFO: [VRFC 10-307] analyzing entity raw2rgb
INFO: [VRFC 10-163] Analyzing VHDL file "z:/zedboard/doc/ipmanager/ip_user_files/VFP_1.0/src/rgb_ycbcr.vhd" into library xil_defaultlib
INFO: [VRFC 10-307] analyzing entity rgb_ycbcr
INFO: [VRFC 10-163] Analyzing VHDL file "z:/zedboard/doc/ipmanager/ip_user_files/VFP_1.0/src/sharpFilter.vhd" into library xil_defaultlib
INFO: [VRFC 10-307] analyzing entity sharpFilter
INFO: [VRFC 10-163] Analyzing VHDL file "z:/zedboard/doc/ipmanager/ip_user_files/VFP_1.0/src/sharpMac.vhd" into library xil_defaultlib
INFO: [VRFC 10-307] analyzing entity sharpMac
INFO: [VRFC 10-163] Analyzing VHDL file "z:/zedboard/doc/ipmanager/ip_user_files/VFP_1.0/src/sobel.vhd" into library xil_defaultlib
INFO: [VRFC 10-307] analyzing entity sobel
INFO: [VRFC 10-163] Analyzing VHDL file "z:/zedboard/doc/ipmanager/ip_user_files/VFP_1.0/src/squareRootTop.vhd" into library xil_defaultlib
INFO: [VRFC 10-307] analyzing entity squareRootTop
INFO: [VRFC 10-163] Analyzing VHDL file "z:/zedboard/doc/ipmanager/ip_user_files/VFP_1.0/src/tap_buffer.vhd" into library xil_defaultlib
INFO: [VRFC 10-307] analyzing entity tap_buffer
INFO: [VRFC 10-163] Analyzing VHDL file "z:/zedboard/doc/ipmanager/ip_user_files/VFP_1.0/hdl/vfpConfig.vhd" into library xil_defaultlib
INFO: [VRFC 10-307] analyzing entity videoProcess_v1_0_Config
INFO: [VRFC 10-163] Analyzing VHDL file "z:/zedboard/doc/ipmanager/ip_user_files/VFP_1.0/hdl/vfpMSaxisRGB.vhd" into library xil_defaultlib
INFO: [VRFC 10-307] analyzing entity videoProcess_v1_0_rgb_m_axis
INFO: [VRFC 10-163] Analyzing VHDL file "z:/zedboard/doc/ipmanager/ip_user_files/VFP_1.0/hdl/vfpMaxisMM2s.vhd" into library xil_defaultlib
INFO: [VRFC 10-307] analyzing entity videoProcess_v1_0_m_axis_mm2s
INFO: [VRFC 10-163] Analyzing VHDL file "z:/zedboard/doc/ipmanager/ip_user_files/VFP_1.0/hdl/vfpTop.vhd" into library xil_defaultlib
INFO: [VRFC 10-307] analyzing entity VFP_v1_0
INFO: [VRFC 10-163] Analyzing VHDL file "z:/zedboard/doc/ipmanager/ip_user_files/VFP_1.0/src/videoSelect.vhd" into library xil_defaultlib
INFO: [VRFC 10-307] analyzing entity videoSelect
INFO: [VRFC 10-163] Analyzing VHDL file "z:/zedboard/doc/ipmanager/ip_user_files/VFP_1.0/tb/videoProcess_tb.vhd" into library xil_defaultlib
INFO: [VRFC 10-307] analyzing entity videoProcess_tb
