#-----------------------------------------------------------
# Webtalk v2017.2 (64-bit)
# SW Build 1909853 on Thu Jun 15 18:39:09 MDT 2017
# 
# Start of session at: Sat Apr 27 19:54:26 2019
# Process ID: 2604
# Current directory: Z:/ZEDBOARD/workspace/sdk/webtalk
# Command line: wbtcv.exe -mode batch -source sdk_webtalk.tcl
# Log file: Z:/ZEDBOARD/workspace/sdk/webtalk/webtalk.log
# Journal file: Z:/ZEDBOARD/workspace/sdk/webtalk\webtalk.jou
#-----------------------------------------------------------
source sdk_webtalk.tcl
# webtalk_init -webtalk_dir Z:\\ZEDBOARD\\workspace\\sdk\\webtalk
# webtalk_register_client -client project
# webtalk_add_data -client project -key date_generated -value "2019-04-27 19:54:25" -context "software_version_and_target_device"
# webtalk_add_data -client project -key product_version -value "SDK v2017.2" -context "software_version_and_target_device"
# webtalk_add_data -client project -key build_version -value "2017.2" -context "software_version_and_target_device"
# webtalk_add_data -client project -key os_platform -value "amd64" -context "software_version_and_target_device"
# webtalk_add_data -client project -key registration_id -value "210890246_0_0_528" -context "software_version_and_target_device"
# webtalk_add_data -client project -key tool_flow -value "SDK" -context "software_version_and_target_device"
# webtalk_add_data -client project -key beta -value "false" -context "software_version_and_target_device"
# webtalk_add_data -client project -key route_design -value "NA" -context "software_version_and_target_device"
# webtalk_add_data -client project -key target_family -value "NA" -context "software_version_and_target_device"
# webtalk_add_data -client project -key target_device -value "NA" -context "software_version_and_target_device"
# webtalk_add_data -client project -key target_package -value "NA" -context "software_version_and_target_device"
# webtalk_add_data -client project -key target_speed -value "NA" -context "software_version_and_target_device"
# webtalk_add_data -client project -key random_id -value "gebtc3sfnej4ojokd0r56u3f0j" -context "software_version_and_target_device"
# webtalk_add_data -client project -key project_id -value "2017.2_6" -context "software_version_and_target_device"
# webtalk_add_data -client project -key project_iteration -value "6" -context "software_version_and_target_device"
# webtalk_add_data -client project -key os_name -value "Microsoft Windows 8 or later , 64-bit" -context "user_environment"
# webtalk_add_data -client project -key os_release -value "major release  (build 9200)" -context "user_environment"
# webtalk_add_data -client project -key cpu_name -value "Intel(R) Core(TM) i7-4700HQ CPU @ 2.40GHz" -context "user_environment"
# webtalk_add_data -client project -key cpu_speed -value "2394 MHz" -context "user_environment"
# webtalk_add_data -client project -key total_processors -value "1" -context "user_environment"
# webtalk_add_data -client project -key system_ram -value "29.000 GB" -context "user_environment"
# webtalk_register_client -client sdk
# webtalk_add_data -client sdk -key uid -value "1556419685994" -context "sdk\\\\hardware/1556419685994"
# webtalk_add_data -client sdk -key isZynq -value "true" -context "sdk\\\\hardware/1556419685994"
# webtalk_add_data -client sdk -key isZynqMP -value "false" -context "sdk\\\\hardware/1556419685994"
# webtalk_add_data -client sdk -key Processors -value "2" -context "sdk\\\\hardware/1556419685994"
# webtalk_add_data -client sdk -key VivadoVersion -value "2017.2" -context "sdk\\\\hardware/1556419685994"
# webtalk_add_data -client sdk -key Arch -value "zynq" -context "sdk\\\\hardware/1556419685994"
# webtalk_add_data -client sdk -key Device -value "7z020" -context "sdk\\\\hardware/1556419685994"
# webtalk_add_data -client sdk -key IsHandoff -value "true" -context "sdk\\\\hardware/1556419685994"
# webtalk_add_data -client sdk -key os -value "NA" -context "sdk\\\\hardware/1556419685994"
# webtalk_add_data -client sdk -key apptemplate -value "NA" -context "sdk\\\\hardware/1556419685994"
# webtalk_add_data -client sdk -key RecordType -value "HWCreation" -context "sdk\\\\hardware/1556419685994"
# webtalk_add_data -client sdk -key uid -value "NA" -context "sdk\\\\bsp/1556420065012"
# webtalk_add_data -client sdk -key RecordType -value "ToolUsage" -context "sdk\\\\bsp/1556420065012"
# webtalk_add_data -client sdk -key BootgenCount -value "1" -context "sdk\\\\bsp/1556420065012"
# webtalk_add_data -client sdk -key DebugCount -value "0" -context "sdk\\\\bsp/1556420065012"
# webtalk_add_data -client sdk -key PerfCount -value "0" -context "sdk\\\\bsp/1556420065012"
# webtalk_add_data -client sdk -key FlashCount -value "0" -context "sdk\\\\bsp/1556420065012"
# webtalk_add_data -client sdk -key CrossTriggCount -value "0" -context "sdk\\\\bsp/1556420065012"
# webtalk_add_data -client sdk -key QemuDebugCount -value "0" -context "sdk\\\\bsp/1556420065012"
# webtalk_transmit -clientid 1101434072 -regid "210890246_0_0_528" -xml Z:\\ZEDBOARD\\workspace\\sdk\\webtalk\\usage_statistics_ext_sdk.xml -html Z:\\ZEDBOARD\\workspace\\sdk\\webtalk\\usage_statistics_ext_sdk.html -wdm Z:\\ZEDBOARD\\workspace\\sdk\\webtalk\\sdk_webtalk.wdm -intro "<H3>SDK Usage Report</H3><BR>"
INFO: [Common 17-186] 'Z:\ZEDBOARD\workspace\sdk\webtalk\usage_statistics_ext_sdk.xml' has been successfully sent to Xilinx on Sat Apr 27 19:54:31 2019. For additional details about this file, please refer to the WebTalk help file at C:/Xilinx/SDK/2017.2/doc/webtalk_introduction.html.
# webtalk_terminate
INFO: [Common 17-206] Exiting Webtalk at Sat Apr 27 19:54:31 2019...
