
*** Running vivado
    with args -log zynq_soc_xbar_0.vds -m64 -product Vivado -mode batch -messageDb vivado.pb -notrace -source zynq_soc_xbar_0.tcl

WARNING: Default location for XILINX_VIVADO_HLS not found: 

****** Vivado v2017.2 (64-bit)
  **** SW Build 1909853 on Thu Jun 15 18:39:09 MDT 2017
  **** IP Build 1909766 on Thu Jun 15 19:58:00 MDT 2017
    ** Copyright 1986-2017 Xilinx, Inc. All Rights Reserved.

source zynq_soc_xbar_0.tcl -notrace
Starting RTL Elaboration : Time (s): cpu = 00:00:12 ; elapsed = 00:00:15 . Memory (MB): peak = 389.551 ; gain = 82.785
INFO: [Synth 8-638] synthesizing module 'zynq_soc_xbar_0' [z:/ZEDBOARD/vivado/zynq_soc/ZEDBOARD.srcs/sources_1/bd/zynq_soc/ip/zynq_soc_xbar_0/synth/zynq_soc_xbar_0.v:59]
INFO: [Synth 8-638] synthesizing module 'axi_crossbar_v2_1_14_axi_crossbar' [z:/ZEDBOARD/vivado/zynq_soc/ZEDBOARD.srcs/sources_1/bd/zynq_soc/ipshared/f582/hdl/axi_crossbar_v2_1_vl_rfs.v:4882]
INFO: [Synth 8-638] synthesizing module 'axi_crossbar_v2_1_14_crossbar_sasd' [z:/ZEDBOARD/vivado/zynq_soc/ZEDBOARD.srcs/sources_1/bd/zynq_soc/ipshared/f582/hdl/axi_crossbar_v2_1_vl_rfs.v:1240]
INFO: [Synth 8-638] synthesizing module 'axi_crossbar_v2_1_14_addr_decoder' [z:/ZEDBOARD/vivado/zynq_soc/ZEDBOARD.srcs/sources_1/bd/zynq_soc/ipshared/f582/hdl/axi_crossbar_v2_1_vl_rfs.v:794]
INFO: [Synth 8-638] synthesizing module 'generic_baseblocks_v2_1_0_comparator_static' [z:/ZEDBOARD/vivado/zynq_soc/ZEDBOARD.srcs/sources_1/bd/zynq_soc/ipshared/f9c1/hdl/generic_baseblocks_v2_1_vl_rfs.v:2133]
INFO: [Synth 8-638] synthesizing module 'generic_baseblocks_v2_1_0_carry_and' [z:/ZEDBOARD/vivado/zynq_soc/ZEDBOARD.srcs/sources_1/bd/zynq_soc/ipshared/f9c1/hdl/generic_baseblocks_v2_1_vl_rfs.v:62]
INFO: [Synth 8-256] done synthesizing module 'generic_baseblocks_v2_1_0_carry_and' (1#1) [z:/ZEDBOARD/vivado/zynq_soc/ZEDBOARD.srcs/sources_1/bd/zynq_soc/ipshared/f9c1/hdl/generic_baseblocks_v2_1_vl_rfs.v:62]
INFO: [Synth 8-256] done synthesizing module 'generic_baseblocks_v2_1_0_comparator_static' (2#1) [z:/ZEDBOARD/vivado/zynq_soc/ZEDBOARD.srcs/sources_1/bd/zynq_soc/ipshared/f9c1/hdl/generic_baseblocks_v2_1_vl_rfs.v:2133]
INFO: [Synth 8-638] synthesizing module 'generic_baseblocks_v2_1_0_comparator_static__parameterized0' [z:/ZEDBOARD/vivado/zynq_soc/ZEDBOARD.srcs/sources_1/bd/zynq_soc/ipshared/f9c1/hdl/generic_baseblocks_v2_1_vl_rfs.v:2133]
INFO: [Synth 8-256] done synthesizing module 'generic_baseblocks_v2_1_0_comparator_static__parameterized0' (2#1) [z:/ZEDBOARD/vivado/zynq_soc/ZEDBOARD.srcs/sources_1/bd/zynq_soc/ipshared/f9c1/hdl/generic_baseblocks_v2_1_vl_rfs.v:2133]
INFO: [Synth 8-638] synthesizing module 'generic_baseblocks_v2_1_0_comparator_static__parameterized1' [z:/ZEDBOARD/vivado/zynq_soc/ZEDBOARD.srcs/sources_1/bd/zynq_soc/ipshared/f9c1/hdl/generic_baseblocks_v2_1_vl_rfs.v:2133]
INFO: [Synth 8-256] done synthesizing module 'generic_baseblocks_v2_1_0_comparator_static__parameterized1' (2#1) [z:/ZEDBOARD/vivado/zynq_soc/ZEDBOARD.srcs/sources_1/bd/zynq_soc/ipshared/f9c1/hdl/generic_baseblocks_v2_1_vl_rfs.v:2133]
INFO: [Synth 8-638] synthesizing module 'generic_baseblocks_v2_1_0_comparator_static__parameterized2' [z:/ZEDBOARD/vivado/zynq_soc/ZEDBOARD.srcs/sources_1/bd/zynq_soc/ipshared/f9c1/hdl/generic_baseblocks_v2_1_vl_rfs.v:2133]
INFO: [Synth 8-256] done synthesizing module 'generic_baseblocks_v2_1_0_comparator_static__parameterized2' (2#1) [z:/ZEDBOARD/vivado/zynq_soc/ZEDBOARD.srcs/sources_1/bd/zynq_soc/ipshared/f9c1/hdl/generic_baseblocks_v2_1_vl_rfs.v:2133]
INFO: [Synth 8-638] synthesizing module 'generic_baseblocks_v2_1_0_comparator_static__parameterized3' [z:/ZEDBOARD/vivado/zynq_soc/ZEDBOARD.srcs/sources_1/bd/zynq_soc/ipshared/f9c1/hdl/generic_baseblocks_v2_1_vl_rfs.v:2133]
INFO: [Synth 8-256] done synthesizing module 'generic_baseblocks_v2_1_0_comparator_static__parameterized3' (2#1) [z:/ZEDBOARD/vivado/zynq_soc/ZEDBOARD.srcs/sources_1/bd/zynq_soc/ipshared/f9c1/hdl/generic_baseblocks_v2_1_vl_rfs.v:2133]
INFO: [Synth 8-638] synthesizing module 'generic_baseblocks_v2_1_0_comparator_static__parameterized4' [z:/ZEDBOARD/vivado/zynq_soc/ZEDBOARD.srcs/sources_1/bd/zynq_soc/ipshared/f9c1/hdl/generic_baseblocks_v2_1_vl_rfs.v:2133]
INFO: [Synth 8-256] done synthesizing module 'generic_baseblocks_v2_1_0_comparator_static__parameterized4' (2#1) [z:/ZEDBOARD/vivado/zynq_soc/ZEDBOARD.srcs/sources_1/bd/zynq_soc/ipshared/f9c1/hdl/generic_baseblocks_v2_1_vl_rfs.v:2133]
INFO: [Synth 8-638] synthesizing module 'generic_baseblocks_v2_1_0_comparator_static__parameterized5' [z:/ZEDBOARD/vivado/zynq_soc/ZEDBOARD.srcs/sources_1/bd/zynq_soc/ipshared/f9c1/hdl/generic_baseblocks_v2_1_vl_rfs.v:2133]
INFO: [Synth 8-256] done synthesizing module 'generic_baseblocks_v2_1_0_comparator_static__parameterized5' (2#1) [z:/ZEDBOARD/vivado/zynq_soc/ZEDBOARD.srcs/sources_1/bd/zynq_soc/ipshared/f9c1/hdl/generic_baseblocks_v2_1_vl_rfs.v:2133]
INFO: [Synth 8-638] synthesizing module 'generic_baseblocks_v2_1_0_comparator_static__parameterized6' [z:/ZEDBOARD/vivado/zynq_soc/ZEDBOARD.srcs/sources_1/bd/zynq_soc/ipshared/f9c1/hdl/generic_baseblocks_v2_1_vl_rfs.v:2133]
INFO: [Synth 8-256] done synthesizing module 'generic_baseblocks_v2_1_0_comparator_static__parameterized6' (2#1) [z:/ZEDBOARD/vivado/zynq_soc/ZEDBOARD.srcs/sources_1/bd/zynq_soc/ipshared/f9c1/hdl/generic_baseblocks_v2_1_vl_rfs.v:2133]
INFO: [Synth 8-256] done synthesizing module 'axi_crossbar_v2_1_14_addr_decoder' (3#1) [z:/ZEDBOARD/vivado/zynq_soc/ZEDBOARD.srcs/sources_1/bd/zynq_soc/ipshared/f582/hdl/axi_crossbar_v2_1_vl_rfs.v:794]
INFO: [Synth 8-638] synthesizing module 'axi_crossbar_v2_1_14_decerr_slave' [z:/ZEDBOARD/vivado/zynq_soc/ZEDBOARD.srcs/sources_1/bd/zynq_soc/ipshared/f582/hdl/axi_crossbar_v2_1_vl_rfs.v:3500]
INFO: [Synth 8-256] done synthesizing module 'axi_crossbar_v2_1_14_decerr_slave' (4#1) [z:/ZEDBOARD/vivado/zynq_soc/ZEDBOARD.srcs/sources_1/bd/zynq_soc/ipshared/f582/hdl/axi_crossbar_v2_1_vl_rfs.v:3500]
INFO: [Synth 8-638] synthesizing module 'axi_crossbar_v2_1_14_addr_arbiter_sasd' [z:/ZEDBOARD/vivado/zynq_soc/ZEDBOARD.srcs/sources_1/bd/zynq_soc/ipshared/f582/hdl/axi_crossbar_v2_1_vl_rfs.v:65]
INFO: [Synth 8-256] done synthesizing module 'axi_crossbar_v2_1_14_addr_arbiter_sasd' (5#1) [z:/ZEDBOARD/vivado/zynq_soc/ZEDBOARD.srcs/sources_1/bd/zynq_soc/ipshared/f582/hdl/axi_crossbar_v2_1_vl_rfs.v:65]
INFO: [Synth 8-638] synthesizing module 'axi_crossbar_v2_1_14_splitter' [z:/ZEDBOARD/vivado/zynq_soc/ZEDBOARD.srcs/sources_1/bd/zynq_soc/ipshared/f582/hdl/axi_crossbar_v2_1_vl_rfs.v:4459]
INFO: [Synth 8-256] done synthesizing module 'axi_crossbar_v2_1_14_splitter' (6#1) [z:/ZEDBOARD/vivado/zynq_soc/ZEDBOARD.srcs/sources_1/bd/zynq_soc/ipshared/f582/hdl/axi_crossbar_v2_1_vl_rfs.v:4459]
INFO: [Synth 8-638] synthesizing module 'axi_crossbar_v2_1_14_splitter__parameterized0' [z:/ZEDBOARD/vivado/zynq_soc/ZEDBOARD.srcs/sources_1/bd/zynq_soc/ipshared/f582/hdl/axi_crossbar_v2_1_vl_rfs.v:4459]
INFO: [Synth 8-256] done synthesizing module 'axi_crossbar_v2_1_14_splitter__parameterized0' (6#1) [z:/ZEDBOARD/vivado/zynq_soc/ZEDBOARD.srcs/sources_1/bd/zynq_soc/ipshared/f582/hdl/axi_crossbar_v2_1_vl_rfs.v:4459]
INFO: [Synth 8-638] synthesizing module 'generic_baseblocks_v2_1_0_mux_enc' [z:/ZEDBOARD/vivado/zynq_soc/ZEDBOARD.srcs/sources_1/bd/zynq_soc/ipshared/f9c1/hdl/generic_baseblocks_v2_1_vl_rfs.v:2452]
INFO: [Synth 8-256] done synthesizing module 'generic_baseblocks_v2_1_0_mux_enc' (7#1) [z:/ZEDBOARD/vivado/zynq_soc/ZEDBOARD.srcs/sources_1/bd/zynq_soc/ipshared/f9c1/hdl/generic_baseblocks_v2_1_vl_rfs.v:2452]
INFO: [Synth 8-638] synthesizing module 'generic_baseblocks_v2_1_0_mux_enc__parameterized0' [z:/ZEDBOARD/vivado/zynq_soc/ZEDBOARD.srcs/sources_1/bd/zynq_soc/ipshared/f9c1/hdl/generic_baseblocks_v2_1_vl_rfs.v:2452]
INFO: [Synth 8-256] done synthesizing module 'generic_baseblocks_v2_1_0_mux_enc__parameterized0' (7#1) [z:/ZEDBOARD/vivado/zynq_soc/ZEDBOARD.srcs/sources_1/bd/zynq_soc/ipshared/f9c1/hdl/generic_baseblocks_v2_1_vl_rfs.v:2452]
INFO: [Synth 8-638] synthesizing module 'generic_baseblocks_v2_1_0_mux_enc__parameterized1' [z:/ZEDBOARD/vivado/zynq_soc/ZEDBOARD.srcs/sources_1/bd/zynq_soc/ipshared/f9c1/hdl/generic_baseblocks_v2_1_vl_rfs.v:2452]
INFO: [Synth 8-256] done synthesizing module 'generic_baseblocks_v2_1_0_mux_enc__parameterized1' (7#1) [z:/ZEDBOARD/vivado/zynq_soc/ZEDBOARD.srcs/sources_1/bd/zynq_soc/ipshared/f9c1/hdl/generic_baseblocks_v2_1_vl_rfs.v:2452]
INFO: [Synth 8-638] synthesizing module 'axi_register_slice_v2_1_13_axic_register_slice' [z:/ZEDBOARD/vivado/zynq_soc/ZEDBOARD.srcs/sources_1/bd/zynq_soc/ipshared/55c0/hdl/axi_register_slice_v2_1_vl_rfs.v:85]
INFO: [Synth 8-256] done synthesizing module 'axi_register_slice_v2_1_13_axic_register_slice' (8#1) [z:/ZEDBOARD/vivado/zynq_soc/ZEDBOARD.srcs/sources_1/bd/zynq_soc/ipshared/55c0/hdl/axi_register_slice_v2_1_vl_rfs.v:85]
INFO: [Synth 8-638] synthesizing module 'generic_baseblocks_v2_1_0_mux_enc__parameterized2' [z:/ZEDBOARD/vivado/zynq_soc/ZEDBOARD.srcs/sources_1/bd/zynq_soc/ipshared/f9c1/hdl/generic_baseblocks_v2_1_vl_rfs.v:2452]
INFO: [Synth 8-256] done synthesizing module 'generic_baseblocks_v2_1_0_mux_enc__parameterized2' (8#1) [z:/ZEDBOARD/vivado/zynq_soc/ZEDBOARD.srcs/sources_1/bd/zynq_soc/ipshared/f9c1/hdl/generic_baseblocks_v2_1_vl_rfs.v:2452]
INFO: [Synth 8-256] done synthesizing module 'axi_crossbar_v2_1_14_crossbar_sasd' (9#1) [z:/ZEDBOARD/vivado/zynq_soc/ZEDBOARD.srcs/sources_1/bd/zynq_soc/ipshared/f582/hdl/axi_crossbar_v2_1_vl_rfs.v:1240]
INFO: [Synth 8-256] done synthesizing module 'axi_crossbar_v2_1_14_axi_crossbar' (10#1) [z:/ZEDBOARD/vivado/zynq_soc/ZEDBOARD.srcs/sources_1/bd/zynq_soc/ipshared/f582/hdl/axi_crossbar_v2_1_vl_rfs.v:4882]
INFO: [Synth 8-256] done synthesizing module 'zynq_soc_xbar_0' (11#1) [z:/ZEDBOARD/vivado/zynq_soc/ZEDBOARD.srcs/sources_1/bd/zynq_soc/ip/zynq_soc_xbar_0/synth/zynq_soc_xbar_0.v:59]
Finished RTL Elaboration : Time (s): cpu = 00:00:27 ; elapsed = 00:00:33 . Memory (MB): peak = 510.430 ; gain = 203.664
Finished RTL Optimization Phase 1 : Time (s): cpu = 00:00:28 ; elapsed = 00:00:33 . Memory (MB): peak = 510.430 ; gain = 203.664
INFO: [Device 21-403] Loading part xc7z020clg484-1
Constraint Validation Runtime : Time (s): cpu = 00:00:00 ; elapsed = 00:00:00.136 . Memory (MB): peak = 752.613 ; gain = 0.000
Finished Constraint Validation : Time (s): cpu = 00:00:52 ; elapsed = 00:01:01 . Memory (MB): peak = 752.613 ; gain = 445.848
Finished Loading Part and Timing Information : Time (s): cpu = 00:00:52 ; elapsed = 00:01:01 . Memory (MB): peak = 752.613 ; gain = 445.848
Finished applying 'set_property' XDC Constraints : Time (s): cpu = 00:00:52 ; elapsed = 00:01:01 . Memory (MB): peak = 752.613 ; gain = 445.848
Finished RTL Optimization Phase 2 : Time (s): cpu = 00:00:53 ; elapsed = 00:01:02 . Memory (MB): peak = 752.613 ; gain = 445.848
Finished Cross Boundary and Area Optimization : Time (s): cpu = 00:00:56 ; elapsed = 00:01:06 . Memory (MB): peak = 752.613 ; gain = 445.848
Finished Applying XDC Timing Constraints : Time (s): cpu = 00:01:21 ; elapsed = 00:01:35 . Memory (MB): peak = 752.613 ; gain = 445.848
Finished Timing Optimization : Time (s): cpu = 00:01:24 ; elapsed = 00:01:37 . Memory (MB): peak = 752.613 ; gain = 445.848
Finished Technology Mapping : Time (s): cpu = 00:01:24 ; elapsed = 00:01:38 . Memory (MB): peak = 752.613 ; gain = 445.848
Finished IO Insertion : Time (s): cpu = 00:01:26 ; elapsed = 00:01:40 . Memory (MB): peak = 752.613 ; gain = 445.848
Finished Renaming Generated Instances : Time (s): cpu = 00:01:26 ; elapsed = 00:01:40 . Memory (MB): peak = 752.613 ; gain = 445.848
Finished Rebuilding User Hierarchy : Time (s): cpu = 00:01:26 ; elapsed = 00:01:40 . Memory (MB): peak = 752.613 ; gain = 445.848
Finished Renaming Generated Ports : Time (s): cpu = 00:01:26 ; elapsed = 00:01:40 . Memory (MB): peak = 752.613 ; gain = 445.848
Finished Handling Custom Attributes : Time (s): cpu = 00:01:26 ; elapsed = 00:01:40 . Memory (MB): peak = 752.613 ; gain = 445.848
Finished Renaming Generated Nets : Time (s): cpu = 00:01:26 ; elapsed = 00:01:40 . Memory (MB): peak = 752.613 ; gain = 445.848

Report Cell Usage: 
+------+-----+------+
|      |Cell |Count |
+------+-----+------+
|1     |LUT1 |     2|
|2     |LUT2 |    13|
|3     |LUT3 |    48|
|4     |LUT4 |    70|
|5     |LUT5 |    72|
|6     |LUT6 |   164|
|7     |FDRE |   138|
+------+-----+------+
Finished Writing Synthesis Report : Time (s): cpu = 00:01:26 ; elapsed = 00:01:40 . Memory (MB): peak = 752.613 ; gain = 445.848
synth_design: Time (s): cpu = 00:01:30 ; elapsed = 00:01:45 . Memory (MB): peak = 752.613 ; gain = 449.918
